[2022-06-26 06:54:28] local.ERROR: Cannot redeclare sendSASMS() (previously declared in D:\web\work experience\YemenBus\buss-test2\app\helpers.php:3) {"exception":"[object] (Symfony\\Component\\Debug\\Exception\\FatalErrorException(code: 64): Cannot redeclare sendSASMS() (previously declared in D:\\web\\work experience\\YemenBus\\buss-test2\\app\\helpers.php:3) at D:\\web\\work experience\\YemenBus\\buss-test2\\app\\helpers.php:3)
[stacktrace]
#0 {main}
"} 
[2022-06-26 06:55:28] local.ERROR: Cannot redeclare sendSASMS() (previously declared in D:\web\work experience\YemenBus\buss-test2\app\helpers.php:3) {"exception":"[object] (Symfony\\Component\\Debug\\Exception\\FatalErrorException(code: 64): Cannot redeclare sendSASMS() (previously declared in D:\\web\\work experience\\YemenBus\\buss-test2\\app\\helpers.php:3) at D:\\web\\work experience\\YemenBus\\buss-test2\\app\\helpers.php:3)
[stacktrace]
#0 {main}
"} 
[2022-06-26 06:56:28] local.ERROR: Cannot redeclare sendSASMS() (previously declared in D:\web\work experience\YemenBus\buss-test2\app\helpers.php:3) {"exception":"[object] (Symfony\\Component\\Debug\\Exception\\FatalErrorException(code: 64): Cannot redeclare sendSASMS() (previously declared in D:\\web\\work experience\\YemenBus\\buss-test2\\app\\helpers.php:3) at D:\\web\\work experience\\YemenBus\\buss-test2\\app\\helpers.php:3)
[stacktrace]
#0 {main}
"} 
[2022-06-26 06:57:28] local.ERROR: Cannot redeclare sendSASMS() (previously declared in D:\web\work experience\YemenBus\buss-test2\app\helpers.php:3) {"exception":"[object] (Symfony\\Component\\Debug\\Exception\\FatalErrorException(code: 64): Cannot redeclare sendSASMS() (previously declared in D:\\web\\work experience\\YemenBus\\buss-test2\\app\\helpers.php:3) at D:\\web\\work experience\\YemenBus\\buss-test2\\app\\helpers.php:3)
[stacktrace]
#0 {main}
"} 
[2022-06-26 06:58:28] local.ERROR: Cannot redeclare sendSASMS() (previously declared in D:\web\work experience\YemenBus\buss-test2\app\helpers.php:3) {"exception":"[object] (Symfony\\Component\\Debug\\Exception\\FatalErrorException(code: 64): Cannot redeclare sendSASMS() (previously declared in D:\\web\\work experience\\YemenBus\\buss-test2\\app\\helpers.php:3) at D:\\web\\work experience\\YemenBus\\buss-test2\\app\\helpers.php:3)
[stacktrace]
#0 {main}
"} 
[2022-06-26 06:59:28] local.ERROR: Cannot redeclare sendSASMS() (previously declared in D:\web\work experience\YemenBus\buss-test2\app\helpers.php:3) {"exception":"[object] (Symfony\\Component\\Debug\\Exception\\FatalErrorException(code: 64): Cannot redeclare sendSASMS() (previously declared in D:\\web\\work experience\\YemenBus\\buss-test2\\app\\helpers.php:3) at D:\\web\\work experience\\YemenBus\\buss-test2\\app\\helpers.php:3)
[stacktrace]
#0 {main}
"} 
[2022-06-26 07:00:28] local.ERROR: Cannot redeclare sendSASMS() (previously declared in D:\web\work experience\YemenBus\buss-test2\app\helpers.php:3) {"exception":"[object] (Symfony\\Component\\Debug\\Exception\\FatalErrorException(code: 64): Cannot redeclare sendSASMS() (previously declared in D:\\web\\work experience\\YemenBus\\buss-test2\\app\\helpers.php:3) at D:\\web\\work experience\\YemenBus\\buss-test2\\app\\helpers.php:3)
[stacktrace]
#0 {main}
"} 
[2022-06-26 07:01:28] local.ERROR: Cannot redeclare sendSASMS() (previously declared in D:\web\work experience\YemenBus\buss-test2\app\helpers.php:3) {"exception":"[object] (Symfony\\Component\\Debug\\Exception\\FatalErrorException(code: 64): Cannot redeclare sendSASMS() (previously declared in D:\\web\\work experience\\YemenBus\\buss-test2\\app\\helpers.php:3) at D:\\web\\work experience\\YemenBus\\buss-test2\\app\\helpers.php:3)
[stacktrace]
#0 {main}
"} 
[2022-06-26 07:02:28] local.ERROR: Cannot redeclare sendSASMS() (previously declared in D:\web\work experience\YemenBus\buss-test2\app\helpers.php:3) {"exception":"[object] (Symfony\\Component\\Debug\\Exception\\FatalErrorException(code: 64): Cannot redeclare sendSASMS() (previously declared in D:\\web\\work experience\\YemenBus\\buss-test2\\app\\helpers.php:3) at D:\\web\\work experience\\YemenBus\\buss-test2\\app\\helpers.php:3)
[stacktrace]
#0 {main}
"} 
[2022-06-26 07:03:28] local.ERROR: Cannot redeclare sendSASMS() (previously declared in D:\web\work experience\YemenBus\buss-test2\app\helpers.php:3) {"exception":"[object] (Symfony\\Component\\Debug\\Exception\\FatalErrorException(code: 64): Cannot redeclare sendSASMS() (previously declared in D:\\web\\work experience\\YemenBus\\buss-test2\\app\\helpers.php:3) at D:\\web\\work experience\\YemenBus\\buss-test2\\app\\helpers.php:3)
[stacktrace]
#0 {main}
"} 
[2022-06-26 07:04:28] local.ERROR: Cannot redeclare sendSASMS() (previously declared in D:\web\work experience\YemenBus\buss-test2\app\helpers.php:3) {"exception":"[object] (Symfony\\Component\\Debug\\Exception\\FatalErrorException(code: 64): Cannot redeclare sendSASMS() (previously declared in D:\\web\\work experience\\YemenBus\\buss-test2\\app\\helpers.php:3) at D:\\web\\work experience\\YemenBus\\buss-test2\\app\\helpers.php:3)
[stacktrace]
#0 {main}
"} 
[2022-06-26 07:05:28] local.ERROR: Cannot redeclare sendSASMS() (previously declared in D:\web\work experience\YemenBus\buss-test2\app\helpers.php:3) {"exception":"[object] (Symfony\\Component\\Debug\\Exception\\FatalErrorException(code: 64): Cannot redeclare sendSASMS() (previously declared in D:\\web\\work experience\\YemenBus\\buss-test2\\app\\helpers.php:3) at D:\\web\\work experience\\YemenBus\\buss-test2\\app\\helpers.php:3)
[stacktrace]
#0 {main}
"} 
[2022-06-26 07:06:28] local.ERROR: Cannot redeclare sendSASMS() (previously declared in D:\web\work experience\YemenBus\buss-test2\app\helpers.php:3) {"exception":"[object] (Symfony\\Component\\Debug\\Exception\\FatalErrorException(code: 64): Cannot redeclare sendSASMS() (previously declared in D:\\web\\work experience\\YemenBus\\buss-test2\\app\\helpers.php:3) at D:\\web\\work experience\\YemenBus\\buss-test2\\app\\helpers.php:3)
[stacktrace]
#0 {main}
"} 
[2022-06-26 07:07:28] local.ERROR: Cannot redeclare sendSASMS() (previously declared in D:\web\work experience\YemenBus\buss-test2\app\helpers.php:3) {"exception":"[object] (Symfony\\Component\\Debug\\Exception\\FatalErrorException(code: 64): Cannot redeclare sendSASMS() (previously declared in D:\\web\\work experience\\YemenBus\\buss-test2\\app\\helpers.php:3) at D:\\web\\work experience\\YemenBus\\buss-test2\\app\\helpers.php:3)
[stacktrace]
#0 {main}
"} 
[2022-06-26 07:12:28] local.ERROR: Cannot redeclare sendSASMS() (previously declared in D:\web\work experience\YemenBus\buss-test2\app\helpers.php:3) {"exception":"[object] (Symfony\\Component\\Debug\\Exception\\FatalErrorException(code: 64): Cannot redeclare sendSASMS() (previously declared in D:\\web\\work experience\\YemenBus\\buss-test2\\app\\helpers.php:3) at D:\\web\\work experience\\YemenBus\\buss-test2\\app\\helpers.php:3)
[stacktrace]
#0 {main}
"} 
[2022-06-26 07:13:28] local.ERROR: Cannot redeclare sendSASMS() (previously declared in D:\web\work experience\YemenBus\buss-test2\app\helpers.php:3) {"exception":"[object] (Symfony\\Component\\Debug\\Exception\\FatalErrorException(code: 64): Cannot redeclare sendSASMS() (previously declared in D:\\web\\work experience\\YemenBus\\buss-test2\\app\\helpers.php:3) at D:\\web\\work experience\\YemenBus\\buss-test2\\app\\helpers.php:3)
[stacktrace]
#0 {main}
"} 
[2022-06-26 07:14:28] local.ERROR: Cannot redeclare sendSASMS() (previously declared in D:\web\work experience\YemenBus\buss-test2\app\helpers.php:3) {"exception":"[object] (Symfony\\Component\\Debug\\Exception\\FatalErrorException(code: 64): Cannot redeclare sendSASMS() (previously declared in D:\\web\\work experience\\YemenBus\\buss-test2\\app\\helpers.php:3) at D:\\web\\work experience\\YemenBus\\buss-test2\\app\\helpers.php:3)
[stacktrace]
#0 {main}
"} 
[2022-06-26 07:15:28] local.ERROR: Cannot redeclare sendSASMS() (previously declared in D:\web\work experience\YemenBus\buss-test2\app\helpers.php:3) {"exception":"[object] (Symfony\\Component\\Debug\\Exception\\FatalErrorException(code: 64): Cannot redeclare sendSASMS() (previously declared in D:\\web\\work experience\\YemenBus\\buss-test2\\app\\helpers.php:3) at D:\\web\\work experience\\YemenBus\\buss-test2\\app\\helpers.php:3)
[stacktrace]
#0 {main}
"} 
[2022-06-26 07:16:28] local.ERROR: Cannot redeclare sendSASMS() (previously declared in D:\web\work experience\YemenBus\buss-test2\app\helpers.php:3) {"exception":"[object] (Symfony\\Component\\Debug\\Exception\\FatalErrorException(code: 64): Cannot redeclare sendSASMS() (previously declared in D:\\web\\work experience\\YemenBus\\buss-test2\\app\\helpers.php:3) at D:\\web\\work experience\\YemenBus\\buss-test2\\app\\helpers.php:3)
[stacktrace]
#0 {main}
"} 
[2022-06-26 07:17:29] local.ERROR: Cannot redeclare sendSASMS() (previously declared in D:\web\work experience\YemenBus\buss-test2\app\helpers.php:3) {"exception":"[object] (Symfony\\Component\\Debug\\Exception\\FatalErrorException(code: 64): Cannot redeclare sendSASMS() (previously declared in D:\\web\\work experience\\YemenBus\\buss-test2\\app\\helpers.php:3) at D:\\web\\work experience\\YemenBus\\buss-test2\\app\\helpers.php:3)
[stacktrace]
#0 {main}
"} 
[2022-06-26 07:18:28] local.ERROR: Cannot redeclare sendSASMS() (previously declared in D:\web\work experience\YemenBus\buss-test2\app\helpers.php:3) {"exception":"[object] (Symfony\\Component\\Debug\\Exception\\FatalErrorException(code: 64): Cannot redeclare sendSASMS() (previously declared in D:\\web\\work experience\\YemenBus\\buss-test2\\app\\helpers.php:3) at D:\\web\\work experience\\YemenBus\\buss-test2\\app\\helpers.php:3)
[stacktrace]
#0 {main}
"} 
[2022-06-26 07:19:28] local.ERROR: Cannot redeclare sendSASMS() (previously declared in D:\web\work experience\YemenBus\buss-test2\app\helpers.php:3) {"exception":"[object] (Symfony\\Component\\Debug\\Exception\\FatalErrorException(code: 64): Cannot redeclare sendSASMS() (previously declared in D:\\web\\work experience\\YemenBus\\buss-test2\\app\\helpers.php:3) at D:\\web\\work experience\\YemenBus\\buss-test2\\app\\helpers.php:3)
[stacktrace]
#0 {main}
"} 
[2022-06-26 07:20:28] local.ERROR: Cannot redeclare sendSASMS() (previously declared in D:\web\work experience\YemenBus\buss-test2\app\helpers.php:3) {"exception":"[object] (Symfony\\Component\\Debug\\Exception\\FatalErrorException(code: 64): Cannot redeclare sendSASMS() (previously declared in D:\\web\\work experience\\YemenBus\\buss-test2\\app\\helpers.php:3) at D:\\web\\work experience\\YemenBus\\buss-test2\\app\\helpers.php:3)
[stacktrace]
#0 {main}
"} 
[2022-06-26 07:21:28] local.ERROR: Cannot redeclare sendSASMS() (previously declared in D:\web\work experience\YemenBus\buss-test2\app\helpers.php:3) {"exception":"[object] (Symfony\\Component\\Debug\\Exception\\FatalErrorException(code: 64): Cannot redeclare sendSASMS() (previously declared in D:\\web\\work experience\\YemenBus\\buss-test2\\app\\helpers.php:3) at D:\\web\\work experience\\YemenBus\\buss-test2\\app\\helpers.php:3)
[stacktrace]
#0 {main}
"} 
[2022-06-26 07:22:28] local.ERROR: Cannot redeclare sendSASMS() (previously declared in D:\web\work experience\YemenBus\buss-test2\app\helpers.php:3) {"exception":"[object] (Symfony\\Component\\Debug\\Exception\\FatalErrorException(code: 64): Cannot redeclare sendSASMS() (previously declared in D:\\web\\work experience\\YemenBus\\buss-test2\\app\\helpers.php:3) at D:\\web\\work experience\\YemenBus\\buss-test2\\app\\helpers.php:3)
[stacktrace]
#0 {main}
"} 
[2022-06-26 07:23:28] local.ERROR: Cannot redeclare sendSASMS() (previously declared in D:\web\work experience\YemenBus\buss-test2\app\helpers.php:3) {"exception":"[object] (Symfony\\Component\\Debug\\Exception\\FatalErrorException(code: 64): Cannot redeclare sendSASMS() (previously declared in D:\\web\\work experience\\YemenBus\\buss-test2\\app\\helpers.php:3) at D:\\web\\work experience\\YemenBus\\buss-test2\\app\\helpers.php:3)
[stacktrace]
#0 {main}
"} 
[2022-06-26 07:24:28] local.ERROR: Cannot redeclare sendSASMS() (previously declared in D:\web\work experience\YemenBus\buss-test2\app\helpers.php:3) {"exception":"[object] (Symfony\\Component\\Debug\\Exception\\FatalErrorException(code: 64): Cannot redeclare sendSASMS() (previously declared in D:\\web\\work experience\\YemenBus\\buss-test2\\app\\helpers.php:3) at D:\\web\\work experience\\YemenBus\\buss-test2\\app\\helpers.php:3)
[stacktrace]
#0 {main}
"} 
[2022-06-26 07:25:28] local.ERROR: Cannot redeclare sendSASMS() (previously declared in D:\web\work experience\YemenBus\buss-test2\app\helpers.php:3) {"exception":"[object] (Symfony\\Component\\Debug\\Exception\\FatalErrorException(code: 64): Cannot redeclare sendSASMS() (previously declared in D:\\web\\work experience\\YemenBus\\buss-test2\\app\\helpers.php:3) at D:\\web\\work experience\\YemenBus\\buss-test2\\app\\helpers.php:3)
[stacktrace]
#0 {main}
"} 
[2022-06-26 07:26:28] local.ERROR: Cannot redeclare sendSASMS() (previously declared in D:\web\work experience\YemenBus\buss-test2\app\helpers.php:3) {"exception":"[object] (Symfony\\Component\\Debug\\Exception\\FatalErrorException(code: 64): Cannot redeclare sendSASMS() (previously declared in D:\\web\\work experience\\YemenBus\\buss-test2\\app\\helpers.php:3) at D:\\web\\work experience\\YemenBus\\buss-test2\\app\\helpers.php:3)
[stacktrace]
#0 {main}
"} 
[2022-06-26 07:27:28] local.ERROR: Cannot redeclare sendSASMS() (previously declared in D:\web\work experience\YemenBus\buss-test2\app\helpers.php:3) {"exception":"[object] (Symfony\\Component\\Debug\\Exception\\FatalErrorException(code: 64): Cannot redeclare sendSASMS() (previously declared in D:\\web\\work experience\\YemenBus\\buss-test2\\app\\helpers.php:3) at D:\\web\\work experience\\YemenBus\\buss-test2\\app\\helpers.php:3)
[stacktrace]
#0 {main}
"} 
[2022-06-26 07:28:28] local.ERROR: Cannot redeclare sendSASMS() (previously declared in D:\web\work experience\YemenBus\buss-test2\app\helpers.php:3) {"exception":"[object] (Symfony\\Component\\Debug\\Exception\\FatalErrorException(code: 64): Cannot redeclare sendSASMS() (previously declared in D:\\web\\work experience\\YemenBus\\buss-test2\\app\\helpers.php:3) at D:\\web\\work experience\\YemenBus\\buss-test2\\app\\helpers.php:3)
[stacktrace]
#0 {main}
"} 
[2022-06-26 07:29:28] local.ERROR: Cannot redeclare sendSASMS() (previously declared in D:\web\work experience\YemenBus\buss-test2\app\helpers.php:3) {"exception":"[object] (Symfony\\Component\\Debug\\Exception\\FatalErrorException(code: 64): Cannot redeclare sendSASMS() (previously declared in D:\\web\\work experience\\YemenBus\\buss-test2\\app\\helpers.php:3) at D:\\web\\work experience\\YemenBus\\buss-test2\\app\\helpers.php:3)
[stacktrace]
#0 {main}
"} 
[2022-06-26 07:30:28] local.ERROR: Cannot redeclare sendSASMS() (previously declared in D:\web\work experience\YemenBus\buss-test2\app\helpers.php:3) {"exception":"[object] (Symfony\\Component\\Debug\\Exception\\FatalErrorException(code: 64): Cannot redeclare sendSASMS() (previously declared in D:\\web\\work experience\\YemenBus\\buss-test2\\app\\helpers.php:3) at D:\\web\\work experience\\YemenBus\\buss-test2\\app\\helpers.php:3)
[stacktrace]
#0 {main}
"} 
[2022-06-26 07:31:28] local.ERROR: Cannot redeclare sendSASMS() (previously declared in D:\web\work experience\YemenBus\buss-test2\app\helpers.php:3) {"exception":"[object] (Symfony\\Component\\Debug\\Exception\\FatalErrorException(code: 64): Cannot redeclare sendSASMS() (previously declared in D:\\web\\work experience\\YemenBus\\buss-test2\\app\\helpers.php:3) at D:\\web\\work experience\\YemenBus\\buss-test2\\app\\helpers.php:3)
[stacktrace]
#0 {main}
"} 
[2022-06-26 07:32:28] local.ERROR: Cannot redeclare sendSASMS() (previously declared in D:\web\work experience\YemenBus\buss-test2\app\helpers.php:3) {"exception":"[object] (Symfony\\Component\\Debug\\Exception\\FatalErrorException(code: 64): Cannot redeclare sendSASMS() (previously declared in D:\\web\\work experience\\YemenBus\\buss-test2\\app\\helpers.php:3) at D:\\web\\work experience\\YemenBus\\buss-test2\\app\\helpers.php:3)
[stacktrace]
#0 {main}
"} 
[2022-06-26 07:33:28] local.ERROR: Cannot redeclare sendSASMS() (previously declared in D:\web\work experience\YemenBus\buss-test2\app\helpers.php:3) {"exception":"[object] (Symfony\\Component\\Debug\\Exception\\FatalErrorException(code: 64): Cannot redeclare sendSASMS() (previously declared in D:\\web\\work experience\\YemenBus\\buss-test2\\app\\helpers.php:3) at D:\\web\\work experience\\YemenBus\\buss-test2\\app\\helpers.php:3)
[stacktrace]
#0 {main}
"} 
[2022-06-26 07:34:28] local.ERROR: Cannot redeclare sendSASMS() (previously declared in D:\web\work experience\YemenBus\buss-test2\app\helpers.php:3) {"exception":"[object] (Symfony\\Component\\Debug\\Exception\\FatalErrorException(code: 64): Cannot redeclare sendSASMS() (previously declared in D:\\web\\work experience\\YemenBus\\buss-test2\\app\\helpers.php:3) at D:\\web\\work experience\\YemenBus\\buss-test2\\app\\helpers.php:3)
[stacktrace]
#0 {main}
"} 
[2022-06-26 07:35:28] local.ERROR: Cannot redeclare sendSASMS() (previously declared in D:\web\work experience\YemenBus\buss-test2\app\helpers.php:3) {"exception":"[object] (Symfony\\Component\\Debug\\Exception\\FatalErrorException(code: 64): Cannot redeclare sendSASMS() (previously declared in D:\\web\\work experience\\YemenBus\\buss-test2\\app\\helpers.php:3) at D:\\web\\work experience\\YemenBus\\buss-test2\\app\\helpers.php:3)
[stacktrace]
#0 {main}
"} 
[2022-06-26 07:36:28] local.ERROR: Cannot redeclare sendSASMS() (previously declared in D:\web\work experience\YemenBus\buss-test2\app\helpers.php:3) {"exception":"[object] (Symfony\\Component\\Debug\\Exception\\FatalErrorException(code: 64): Cannot redeclare sendSASMS() (previously declared in D:\\web\\work experience\\YemenBus\\buss-test2\\app\\helpers.php:3) at D:\\web\\work experience\\YemenBus\\buss-test2\\app\\helpers.php:3)
[stacktrace]
#0 {main}
"} 
[2022-06-26 07:37:28] local.ERROR: Cannot redeclare sendSASMS() (previously declared in D:\web\work experience\YemenBus\buss-test2\app\helpers.php:3) {"exception":"[object] (Symfony\\Component\\Debug\\Exception\\FatalErrorException(code: 64): Cannot redeclare sendSASMS() (previously declared in D:\\web\\work experience\\YemenBus\\buss-test2\\app\\helpers.php:3) at D:\\web\\work experience\\YemenBus\\buss-test2\\app\\helpers.php:3)
[stacktrace]
#0 {main}
"} 
[2022-06-26 07:38:28] local.ERROR: Cannot redeclare sendSASMS() (previously declared in D:\web\work experience\YemenBus\buss-test2\app\helpers.php:3) {"exception":"[object] (Symfony\\Component\\Debug\\Exception\\FatalErrorException(code: 64): Cannot redeclare sendSASMS() (previously declared in D:\\web\\work experience\\YemenBus\\buss-test2\\app\\helpers.php:3) at D:\\web\\work experience\\YemenBus\\buss-test2\\app\\helpers.php:3)
[stacktrace]
#0 {main}
"} 
[2022-06-26 07:39:28] local.ERROR: Cannot redeclare sendSASMS() (previously declared in D:\web\work experience\YemenBus\buss-test2\app\helpers.php:3) {"exception":"[object] (Symfony\\Component\\Debug\\Exception\\FatalErrorException(code: 64): Cannot redeclare sendSASMS() (previously declared in D:\\web\\work experience\\YemenBus\\buss-test2\\app\\helpers.php:3) at D:\\web\\work experience\\YemenBus\\buss-test2\\app\\helpers.php:3)
[stacktrace]
#0 {main}
"} 
[2022-06-26 07:40:28] local.ERROR: Cannot redeclare sendSASMS() (previously declared in D:\web\work experience\YemenBus\buss-test2\app\helpers.php:3) {"exception":"[object] (Symfony\\Component\\Debug\\Exception\\FatalErrorException(code: 64): Cannot redeclare sendSASMS() (previously declared in D:\\web\\work experience\\YemenBus\\buss-test2\\app\\helpers.php:3) at D:\\web\\work experience\\YemenBus\\buss-test2\\app\\helpers.php:3)
[stacktrace]
#0 {main}
"} 
[2022-06-26 07:41:28] local.ERROR: Cannot redeclare sendSASMS() (previously declared in D:\web\work experience\YemenBus\buss-test2\app\helpers.php:3) {"exception":"[object] (Symfony\\Component\\Debug\\Exception\\FatalErrorException(code: 64): Cannot redeclare sendSASMS() (previously declared in D:\\web\\work experience\\YemenBus\\buss-test2\\app\\helpers.php:3) at D:\\web\\work experience\\YemenBus\\buss-test2\\app\\helpers.php:3)
[stacktrace]
#0 {main}
"} 
[2022-06-26 07:42:28] local.ERROR: Cannot redeclare sendSASMS() (previously declared in D:\web\work experience\YemenBus\buss-test2\app\helpers.php:3) {"exception":"[object] (Symfony\\Component\\Debug\\Exception\\FatalErrorException(code: 64): Cannot redeclare sendSASMS() (previously declared in D:\\web\\work experience\\YemenBus\\buss-test2\\app\\helpers.php:3) at D:\\web\\work experience\\YemenBus\\buss-test2\\app\\helpers.php:3)
[stacktrace]
#0 {main}
"} 
[2022-06-26 07:43:28] local.ERROR: Cannot redeclare sendSASMS() (previously declared in D:\web\work experience\YemenBus\buss-test2\app\helpers.php:3) {"exception":"[object] (Symfony\\Component\\Debug\\Exception\\FatalErrorException(code: 64): Cannot redeclare sendSASMS() (previously declared in D:\\web\\work experience\\YemenBus\\buss-test2\\app\\helpers.php:3) at D:\\web\\work experience\\YemenBus\\buss-test2\\app\\helpers.php:3)
[stacktrace]
#0 {main}
"} 
[2022-06-26 07:44:28] local.ERROR: Cannot redeclare sendSASMS() (previously declared in D:\web\work experience\YemenBus\buss-test2\app\helpers.php:3) {"exception":"[object] (Symfony\\Component\\Debug\\Exception\\FatalErrorException(code: 64): Cannot redeclare sendSASMS() (previously declared in D:\\web\\work experience\\YemenBus\\buss-test2\\app\\helpers.php:3) at D:\\web\\work experience\\YemenBus\\buss-test2\\app\\helpers.php:3)
[stacktrace]
#0 {main}
"} 
[2022-06-26 07:45:28] local.ERROR: Cannot redeclare sendSASMS() (previously declared in D:\web\work experience\YemenBus\buss-test2\app\helpers.php:3) {"exception":"[object] (Symfony\\Component\\Debug\\Exception\\FatalErrorException(code: 64): Cannot redeclare sendSASMS() (previously declared in D:\\web\\work experience\\YemenBus\\buss-test2\\app\\helpers.php:3) at D:\\web\\work experience\\YemenBus\\buss-test2\\app\\helpers.php:3)
[stacktrace]
#0 {main}
"} 
[2022-06-26 07:46:29] local.ERROR: Cannot redeclare sendSASMS() (previously declared in D:\web\work experience\YemenBus\buss-test2\app\helpers.php:3) {"exception":"[object] (Symfony\\Component\\Debug\\Exception\\FatalErrorException(code: 64): Cannot redeclare sendSASMS() (previously declared in D:\\web\\work experience\\YemenBus\\buss-test2\\app\\helpers.php:3) at D:\\web\\work experience\\YemenBus\\buss-test2\\app\\helpers.php:3)
[stacktrace]
#0 {main}
"} 
[2022-06-26 07:47:28] local.ERROR: Cannot redeclare sendSASMS() (previously declared in D:\web\work experience\YemenBus\buss-test2\app\helpers.php:3) {"exception":"[object] (Symfony\\Component\\Debug\\Exception\\FatalErrorException(code: 64): Cannot redeclare sendSASMS() (previously declared in D:\\web\\work experience\\YemenBus\\buss-test2\\app\\helpers.php:3) at D:\\web\\work experience\\YemenBus\\buss-test2\\app\\helpers.php:3)
[stacktrace]
#0 {main}
"} 
[2022-06-26 07:48:29] local.ERROR: Cannot redeclare sendSASMS() (previously declared in D:\web\work experience\YemenBus\buss-test2\app\helpers.php:3) {"exception":"[object] (Symfony\\Component\\Debug\\Exception\\FatalErrorException(code: 64): Cannot redeclare sendSASMS() (previously declared in D:\\web\\work experience\\YemenBus\\buss-test2\\app\\helpers.php:3) at D:\\web\\work experience\\YemenBus\\buss-test2\\app\\helpers.php:3)
[stacktrace]
#0 {main}
"} 
[2022-06-26 07:49:29] local.ERROR: Cannot redeclare sendSASMS() (previously declared in D:\web\work experience\YemenBus\buss-test2\app\helpers.php:3) {"exception":"[object] (Symfony\\Component\\Debug\\Exception\\FatalErrorException(code: 64): Cannot redeclare sendSASMS() (previously declared in D:\\web\\work experience\\YemenBus\\buss-test2\\app\\helpers.php:3) at D:\\web\\work experience\\YemenBus\\buss-test2\\app\\helpers.php:3)
[stacktrace]
#0 {main}
"} 
[2022-06-26 07:50:28] local.ERROR: Cannot redeclare sendSASMS() (previously declared in D:\web\work experience\YemenBus\buss-test2\app\helpers.php:3) {"exception":"[object] (Symfony\\Component\\Debug\\Exception\\FatalErrorException(code: 64): Cannot redeclare sendSASMS() (previously declared in D:\\web\\work experience\\YemenBus\\buss-test2\\app\\helpers.php:3) at D:\\web\\work experience\\YemenBus\\buss-test2\\app\\helpers.php:3)
[stacktrace]
#0 {main}
"} 
[2022-06-26 07:51:28] local.ERROR: Cannot redeclare sendSASMS() (previously declared in D:\web\work experience\YemenBus\buss-test2\app\helpers.php:3) {"exception":"[object] (Symfony\\Component\\Debug\\Exception\\FatalErrorException(code: 64): Cannot redeclare sendSASMS() (previously declared in D:\\web\\work experience\\YemenBus\\buss-test2\\app\\helpers.php:3) at D:\\web\\work experience\\YemenBus\\buss-test2\\app\\helpers.php:3)
[stacktrace]
#0 {main}
"} 
[2022-06-26 07:52:28] local.ERROR: Cannot redeclare sendSASMS() (previously declared in D:\web\work experience\YemenBus\buss-test2\app\helpers.php:3) {"exception":"[object] (Symfony\\Component\\Debug\\Exception\\FatalErrorException(code: 64): Cannot redeclare sendSASMS() (previously declared in D:\\web\\work experience\\YemenBus\\buss-test2\\app\\helpers.php:3) at D:\\web\\work experience\\YemenBus\\buss-test2\\app\\helpers.php:3)
[stacktrace]
#0 {main}
"} 
[2022-06-26 07:53:28] local.ERROR: Cannot redeclare sendSASMS() (previously declared in D:\web\work experience\YemenBus\buss-test2\app\helpers.php:3) {"exception":"[object] (Symfony\\Component\\Debug\\Exception\\FatalErrorException(code: 64): Cannot redeclare sendSASMS() (previously declared in D:\\web\\work experience\\YemenBus\\buss-test2\\app\\helpers.php:3) at D:\\web\\work experience\\YemenBus\\buss-test2\\app\\helpers.php:3)
[stacktrace]
#0 {main}
"} 
[2022-06-26 07:54:28] local.ERROR: Cannot redeclare sendSASMS() (previously declared in D:\web\work experience\YemenBus\buss-test2\app\helpers.php:3) {"exception":"[object] (Symfony\\Component\\Debug\\Exception\\FatalErrorException(code: 64): Cannot redeclare sendSASMS() (previously declared in D:\\web\\work experience\\YemenBus\\buss-test2\\app\\helpers.php:3) at D:\\web\\work experience\\YemenBus\\buss-test2\\app\\helpers.php:3)
[stacktrace]
#0 {main}
"} 
[2022-06-26 07:55:28] local.ERROR: Cannot redeclare sendSASMS() (previously declared in D:\web\work experience\YemenBus\buss-test2\app\helpers.php:3) {"exception":"[object] (Symfony\\Component\\Debug\\Exception\\FatalErrorException(code: 64): Cannot redeclare sendSASMS() (previously declared in D:\\web\\work experience\\YemenBus\\buss-test2\\app\\helpers.php:3) at D:\\web\\work experience\\YemenBus\\buss-test2\\app\\helpers.php:3)
[stacktrace]
#0 {main}
"} 
[2022-06-26 07:56:28] local.ERROR: Cannot redeclare sendSASMS() (previously declared in D:\web\work experience\YemenBus\buss-test2\app\helpers.php:3) {"exception":"[object] (Symfony\\Component\\Debug\\Exception\\FatalErrorException(code: 64): Cannot redeclare sendSASMS() (previously declared in D:\\web\\work experience\\YemenBus\\buss-test2\\app\\helpers.php:3) at D:\\web\\work experience\\YemenBus\\buss-test2\\app\\helpers.php:3)
[stacktrace]
#0 {main}
"} 
[2022-06-26 07:57:28] local.ERROR: Cannot redeclare sendSASMS() (previously declared in D:\web\work experience\YemenBus\buss-test2\app\helpers.php:3) {"exception":"[object] (Symfony\\Component\\Debug\\Exception\\FatalErrorException(code: 64): Cannot redeclare sendSASMS() (previously declared in D:\\web\\work experience\\YemenBus\\buss-test2\\app\\helpers.php:3) at D:\\web\\work experience\\YemenBus\\buss-test2\\app\\helpers.php:3)
[stacktrace]
#0 {main}
"} 
[2022-06-26 07:58:28] local.ERROR: Cannot redeclare sendSASMS() (previously declared in D:\web\work experience\YemenBus\buss-test2\app\helpers.php:3) {"exception":"[object] (Symfony\\Component\\Debug\\Exception\\FatalErrorException(code: 64): Cannot redeclare sendSASMS() (previously declared in D:\\web\\work experience\\YemenBus\\buss-test2\\app\\helpers.php:3) at D:\\web\\work experience\\YemenBus\\buss-test2\\app\\helpers.php:3)
[stacktrace]
#0 {main}
"} 
[2022-06-26 07:59:29] local.ERROR: Cannot redeclare sendSASMS() (previously declared in D:\web\work experience\YemenBus\buss-test2\app\helpers.php:3) {"exception":"[object] (Symfony\\Component\\Debug\\Exception\\FatalErrorException(code: 64): Cannot redeclare sendSASMS() (previously declared in D:\\web\\work experience\\YemenBus\\buss-test2\\app\\helpers.php:3) at D:\\web\\work experience\\YemenBus\\buss-test2\\app\\helpers.php:3)
[stacktrace]
#0 {main}
"} 
[2022-06-26 08:00:28] local.ERROR: Cannot redeclare sendSASMS() (previously declared in D:\web\work experience\YemenBus\buss-test2\app\helpers.php:3) {"exception":"[object] (Symfony\\Component\\Debug\\Exception\\FatalErrorException(code: 64): Cannot redeclare sendSASMS() (previously declared in D:\\web\\work experience\\YemenBus\\buss-test2\\app\\helpers.php:3) at D:\\web\\work experience\\YemenBus\\buss-test2\\app\\helpers.php:3)
[stacktrace]
#0 {main}
"} 
[2022-06-26 08:01:28] local.ERROR: Cannot redeclare sendSASMS() (previously declared in D:\web\work experience\YemenBus\buss-test2\app\helpers.php:3) {"exception":"[object] (Symfony\\Component\\Debug\\Exception\\FatalErrorException(code: 64): Cannot redeclare sendSASMS() (previously declared in D:\\web\\work experience\\YemenBus\\buss-test2\\app\\helpers.php:3) at D:\\web\\work experience\\YemenBus\\buss-test2\\app\\helpers.php:3)
[stacktrace]
#0 {main}
"} 
[2022-06-26 08:02:29] local.ERROR: Cannot redeclare sendSASMS() (previously declared in D:\web\work experience\YemenBus\buss-test2\app\helpers.php:3) {"exception":"[object] (Symfony\\Component\\Debug\\Exception\\FatalErrorException(code: 64): Cannot redeclare sendSASMS() (previously declared in D:\\web\\work experience\\YemenBus\\buss-test2\\app\\helpers.php:3) at D:\\web\\work experience\\YemenBus\\buss-test2\\app\\helpers.php:3)
[stacktrace]
#0 {main}
"} 
[2022-06-26 08:03:28] local.ERROR: Cannot redeclare sendSASMS() (previously declared in D:\web\work experience\YemenBus\buss-test2\app\helpers.php:3) {"exception":"[object] (Symfony\\Component\\Debug\\Exception\\FatalErrorException(code: 64): Cannot redeclare sendSASMS() (previously declared in D:\\web\\work experience\\YemenBus\\buss-test2\\app\\helpers.php:3) at D:\\web\\work experience\\YemenBus\\buss-test2\\app\\helpers.php:3)
[stacktrace]
#0 {main}
"} 
[2022-06-26 08:04:28] local.ERROR: Cannot redeclare sendSASMS() (previously declared in D:\web\work experience\YemenBus\buss-test2\app\helpers.php:3) {"exception":"[object] (Symfony\\Component\\Debug\\Exception\\FatalErrorException(code: 64): Cannot redeclare sendSASMS() (previously declared in D:\\web\\work experience\\YemenBus\\buss-test2\\app\\helpers.php:3) at D:\\web\\work experience\\YemenBus\\buss-test2\\app\\helpers.php:3)
[stacktrace]
#0 {main}
"} 
[2022-06-26 08:05:28] local.ERROR: Cannot redeclare sendSASMS() (previously declared in D:\web\work experience\YemenBus\buss-test2\app\helpers.php:3) {"exception":"[object] (Symfony\\Component\\Debug\\Exception\\FatalErrorException(code: 64): Cannot redeclare sendSASMS() (previously declared in D:\\web\\work experience\\YemenBus\\buss-test2\\app\\helpers.php:3) at D:\\web\\work experience\\YemenBus\\buss-test2\\app\\helpers.php:3)
[stacktrace]
#0 {main}
"} 
[2022-06-26 08:06:28] local.ERROR: Cannot redeclare sendSASMS() (previously declared in D:\web\work experience\YemenBus\buss-test2\app\helpers.php:3) {"exception":"[object] (Symfony\\Component\\Debug\\Exception\\FatalErrorException(code: 64): Cannot redeclare sendSASMS() (previously declared in D:\\web\\work experience\\YemenBus\\buss-test2\\app\\helpers.php:3) at D:\\web\\work experience\\YemenBus\\buss-test2\\app\\helpers.php:3)
[stacktrace]
#0 {main}
"} 
[2022-06-26 08:07:28] local.ERROR: Cannot redeclare sendSASMS() (previously declared in D:\web\work experience\YemenBus\buss-test2\app\helpers.php:3) {"exception":"[object] (Symfony\\Component\\Debug\\Exception\\FatalErrorException(code: 64): Cannot redeclare sendSASMS() (previously declared in D:\\web\\work experience\\YemenBus\\buss-test2\\app\\helpers.php:3) at D:\\web\\work experience\\YemenBus\\buss-test2\\app\\helpers.php:3)
[stacktrace]
#0 {main}
"} 
[2022-06-26 08:08:58] local.ERROR: Cannot redeclare sendSASMS() (previously declared in D:\web\work experience\YemenBus\buss-test2\app\helpers.php:3) {"exception":"[object] (Symfony\\Component\\Debug\\Exception\\FatalErrorException(code: 64): Cannot redeclare sendSASMS() (previously declared in D:\\web\\work experience\\YemenBus\\buss-test2\\app\\helpers.php:3) at D:\\web\\work experience\\YemenBus\\buss-test2\\app\\helpers.php:3)
[stacktrace]
#0 {main}
"} 
[2022-06-26 08:09:48] local.ERROR: Cannot redeclare sendSASMS() (previously declared in D:\web\work experience\YemenBus\buss-test2\app\helpers.php:3) {"exception":"[object] (Symfony\\Component\\Debug\\Exception\\FatalErrorException(code: 64): Cannot redeclare sendSASMS() (previously declared in D:\\web\\work experience\\YemenBus\\buss-test2\\app\\helpers.php:3) at D:\\web\\work experience\\YemenBus\\buss-test2\\app\\helpers.php:3)
[stacktrace]
#0 {main}
"} 
[2022-06-26 08:10:51] local.ERROR: Cannot redeclare sendSASMS() (previously declared in D:\web\work experience\YemenBus\buss-test2\app\helpers.php:3) {"exception":"[object] (Symfony\\Component\\Debug\\Exception\\FatalErrorException(code: 64): Cannot redeclare sendSASMS() (previously declared in D:\\web\\work experience\\YemenBus\\buss-test2\\app\\helpers.php:3) at D:\\web\\work experience\\YemenBus\\buss-test2\\app\\helpers.php:3)
[stacktrace]
#0 {main}
"} 
[2022-06-26 08:11:38] local.ERROR: Cannot redeclare sendSASMS() (previously declared in D:\web\work experience\YemenBus\buss-test2\app\helpers.php:3) {"exception":"[object] (Symfony\\Component\\Debug\\Exception\\FatalErrorException(code: 64): Cannot redeclare sendSASMS() (previously declared in D:\\web\\work experience\\YemenBus\\buss-test2\\app\\helpers.php:3) at D:\\web\\work experience\\YemenBus\\buss-test2\\app\\helpers.php:3)
[stacktrace]
#0 {main}
"} 
[2022-06-26 08:12:28] local.ERROR: Cannot redeclare sendSASMS() (previously declared in D:\web\work experience\YemenBus\buss-test2\app\helpers.php:3) {"exception":"[object] (Symfony\\Component\\Debug\\Exception\\FatalErrorException(code: 64): Cannot redeclare sendSASMS() (previously declared in D:\\web\\work experience\\YemenBus\\buss-test2\\app\\helpers.php:3) at D:\\web\\work experience\\YemenBus\\buss-test2\\app\\helpers.php:3)
[stacktrace]
#0 {main}
"} 
[2022-06-26 08:13:54] local.ERROR: Cannot redeclare sendSASMS() (previously declared in D:\web\work experience\YemenBus\buss-test2\app\helpers.php:3) {"exception":"[object] (Symfony\\Component\\Debug\\Exception\\FatalErrorException(code: 64): Cannot redeclare sendSASMS() (previously declared in D:\\web\\work experience\\YemenBus\\buss-test2\\app\\helpers.php:3) at D:\\web\\work experience\\YemenBus\\buss-test2\\app\\helpers.php:3)
[stacktrace]
#0 {main}
"} 
[2022-06-26 08:14:47] local.ERROR: Cannot redeclare sendSASMS() (previously declared in D:\web\work experience\YemenBus\buss-test2\app\helpers.php:3) {"exception":"[object] (Symfony\\Component\\Debug\\Exception\\FatalErrorException(code: 64): Cannot redeclare sendSASMS() (previously declared in D:\\web\\work experience\\YemenBus\\buss-test2\\app\\helpers.php:3) at D:\\web\\work experience\\YemenBus\\buss-test2\\app\\helpers.php:3)
[stacktrace]
#0 {main}
"} 
[2022-06-26 08:15:29] local.ERROR: Cannot redeclare sendSASMS() (previously declared in D:\web\work experience\YemenBus\buss-test2\app\helpers.php:3) {"exception":"[object] (Symfony\\Component\\Debug\\Exception\\FatalErrorException(code: 64): Cannot redeclare sendSASMS() (previously declared in D:\\web\\work experience\\YemenBus\\buss-test2\\app\\helpers.php:3) at D:\\web\\work experience\\YemenBus\\buss-test2\\app\\helpers.php:3)
[stacktrace]
#0 {main}
"} 
[2022-06-26 11:22:55] local.ERROR: Cannot redeclare sendSASMS() (previously declared in D:\web\work experience\YemenBus\buss-test2\app\helpers.php:3) {"exception":"[object] (Symfony\\Component\\Debug\\Exception\\FatalErrorException(code: 64): Cannot redeclare sendSASMS() (previously declared in D:\\web\\work experience\\YemenBus\\buss-test2\\app\\helpers.php:3) at D:\\web\\work experience\\YemenBus\\buss-test2\\app\\helpers.php:3)
[stacktrace]
#0 {main}
"} 
[2022-06-26 11:23:55] local.ERROR: Cannot redeclare sendSASMS() (previously declared in D:\web\work experience\YemenBus\buss-test2\app\helpers.php:3) {"exception":"[object] (Symfony\\Component\\Debug\\Exception\\FatalErrorException(code: 64): Cannot redeclare sendSASMS() (previously declared in D:\\web\\work experience\\YemenBus\\buss-test2\\app\\helpers.php:3) at D:\\web\\work experience\\YemenBus\\buss-test2\\app\\helpers.php:3)
[stacktrace]
#0 {main}
"} 
[2022-06-26 11:24:55] local.ERROR: Cannot redeclare sendSASMS() (previously declared in D:\web\work experience\YemenBus\buss-test2\app\helpers.php:3) {"exception":"[object] (Symfony\\Component\\Debug\\Exception\\FatalErrorException(code: 64): Cannot redeclare sendSASMS() (previously declared in D:\\web\\work experience\\YemenBus\\buss-test2\\app\\helpers.php:3) at D:\\web\\work experience\\YemenBus\\buss-test2\\app\\helpers.php:3)
[stacktrace]
#0 {main}
"} 
[2022-06-26 11:25:55] local.ERROR: Cannot redeclare sendSASMS() (previously declared in D:\web\work experience\YemenBus\buss-test2\app\helpers.php:3) {"exception":"[object] (Symfony\\Component\\Debug\\Exception\\FatalErrorException(code: 64): Cannot redeclare sendSASMS() (previously declared in D:\\web\\work experience\\YemenBus\\buss-test2\\app\\helpers.php:3) at D:\\web\\work experience\\YemenBus\\buss-test2\\app\\helpers.php:3)
[stacktrace]
#0 {main}
"} 
[2022-06-26 11:26:55] local.ERROR: Cannot redeclare sendSASMS() (previously declared in D:\web\work experience\YemenBus\buss-test2\app\helpers.php:3) {"exception":"[object] (Symfony\\Component\\Debug\\Exception\\FatalErrorException(code: 64): Cannot redeclare sendSASMS() (previously declared in D:\\web\\work experience\\YemenBus\\buss-test2\\app\\helpers.php:3) at D:\\web\\work experience\\YemenBus\\buss-test2\\app\\helpers.php:3)
[stacktrace]
#0 {main}
"} 
[2022-06-26 11:27:55] local.ERROR: Cannot redeclare sendSASMS() (previously declared in D:\web\work experience\YemenBus\buss-test2\app\helpers.php:3) {"exception":"[object] (Symfony\\Component\\Debug\\Exception\\FatalErrorException(code: 64): Cannot redeclare sendSASMS() (previously declared in D:\\web\\work experience\\YemenBus\\buss-test2\\app\\helpers.php:3) at D:\\web\\work experience\\YemenBus\\buss-test2\\app\\helpers.php:3)
[stacktrace]
#0 {main}
"} 
[2022-06-26 11:28:54] local.ERROR: Cannot redeclare sendSASMS() (previously declared in D:\web\work experience\YemenBus\buss-test2\app\helpers.php:3) {"exception":"[object] (Symfony\\Component\\Debug\\Exception\\FatalErrorException(code: 64): Cannot redeclare sendSASMS() (previously declared in D:\\web\\work experience\\YemenBus\\buss-test2\\app\\helpers.php:3) at D:\\web\\work experience\\YemenBus\\buss-test2\\app\\helpers.php:3)
[stacktrace]
#0 {main}
"} 
[2022-06-26 11:29:55] local.ERROR: Cannot redeclare sendSASMS() (previously declared in D:\web\work experience\YemenBus\buss-test2\app\helpers.php:3) {"exception":"[object] (Symfony\\Component\\Debug\\Exception\\FatalErrorException(code: 64): Cannot redeclare sendSASMS() (previously declared in D:\\web\\work experience\\YemenBus\\buss-test2\\app\\helpers.php:3) at D:\\web\\work experience\\YemenBus\\buss-test2\\app\\helpers.php:3)
[stacktrace]
#0 {main}
"} 
[2022-06-26 11:30:55] local.ERROR: Cannot redeclare sendSASMS() (previously declared in D:\web\work experience\YemenBus\buss-test2\app\helpers.php:3) {"exception":"[object] (Symfony\\Component\\Debug\\Exception\\FatalErrorException(code: 64): Cannot redeclare sendSASMS() (previously declared in D:\\web\\work experience\\YemenBus\\buss-test2\\app\\helpers.php:3) at D:\\web\\work experience\\YemenBus\\buss-test2\\app\\helpers.php:3)
[stacktrace]
#0 {main}
"} 
[2022-06-26 11:31:55] local.ERROR: Cannot redeclare sendSASMS() (previously declared in D:\web\work experience\YemenBus\buss-test2\app\helpers.php:3) {"exception":"[object] (Symfony\\Component\\Debug\\Exception\\FatalErrorException(code: 64): Cannot redeclare sendSASMS() (previously declared in D:\\web\\work experience\\YemenBus\\buss-test2\\app\\helpers.php:3) at D:\\web\\work experience\\YemenBus\\buss-test2\\app\\helpers.php:3)
[stacktrace]
#0 {main}
"} 
[2022-06-26 11:32:55] local.ERROR: Cannot redeclare sendSASMS() (previously declared in D:\web\work experience\YemenBus\buss-test2\app\helpers.php:3) {"exception":"[object] (Symfony\\Component\\Debug\\Exception\\FatalErrorException(code: 64): Cannot redeclare sendSASMS() (previously declared in D:\\web\\work experience\\YemenBus\\buss-test2\\app\\helpers.php:3) at D:\\web\\work experience\\YemenBus\\buss-test2\\app\\helpers.php:3)
[stacktrace]
#0 {main}
"} 
[2022-06-26 11:33:55] local.ERROR: Cannot redeclare sendSASMS() (previously declared in D:\web\work experience\YemenBus\buss-test2\app\helpers.php:3) {"exception":"[object] (Symfony\\Component\\Debug\\Exception\\FatalErrorException(code: 64): Cannot redeclare sendSASMS() (previously declared in D:\\web\\work experience\\YemenBus\\buss-test2\\app\\helpers.php:3) at D:\\web\\work experience\\YemenBus\\buss-test2\\app\\helpers.php:3)
[stacktrace]
#0 {main}
"} 
[2022-06-26 11:34:55] local.ERROR: Cannot redeclare sendSASMS() (previously declared in D:\web\work experience\YemenBus\buss-test2\app\helpers.php:3) {"exception":"[object] (Symfony\\Component\\Debug\\Exception\\FatalErrorException(code: 64): Cannot redeclare sendSASMS() (previously declared in D:\\web\\work experience\\YemenBus\\buss-test2\\app\\helpers.php:3) at D:\\web\\work experience\\YemenBus\\buss-test2\\app\\helpers.php:3)
[stacktrace]
#0 {main}
"} 
[2022-06-26 11:35:55] local.ERROR: Cannot redeclare sendSASMS() (previously declared in D:\web\work experience\YemenBus\buss-test2\app\helpers.php:3) {"exception":"[object] (Symfony\\Component\\Debug\\Exception\\FatalErrorException(code: 64): Cannot redeclare sendSASMS() (previously declared in D:\\web\\work experience\\YemenBus\\buss-test2\\app\\helpers.php:3) at D:\\web\\work experience\\YemenBus\\buss-test2\\app\\helpers.php:3)
[stacktrace]
#0 {main}
"} 
[2022-06-26 11:36:55] local.ERROR: Cannot redeclare sendSASMS() (previously declared in D:\web\work experience\YemenBus\buss-test2\app\helpers.php:3) {"exception":"[object] (Symfony\\Component\\Debug\\Exception\\FatalErrorException(code: 64): Cannot redeclare sendSASMS() (previously declared in D:\\web\\work experience\\YemenBus\\buss-test2\\app\\helpers.php:3) at D:\\web\\work experience\\YemenBus\\buss-test2\\app\\helpers.php:3)
[stacktrace]
#0 {main}
"} 
[2022-06-26 11:37:55] local.ERROR: Cannot redeclare sendSASMS() (previously declared in D:\web\work experience\YemenBus\buss-test2\app\helpers.php:3) {"exception":"[object] (Symfony\\Component\\Debug\\Exception\\FatalErrorException(code: 64): Cannot redeclare sendSASMS() (previously declared in D:\\web\\work experience\\YemenBus\\buss-test2\\app\\helpers.php:3) at D:\\web\\work experience\\YemenBus\\buss-test2\\app\\helpers.php:3)
[stacktrace]
#0 {main}
"} 
[2022-06-26 11:38:55] local.ERROR: Cannot redeclare sendSASMS() (previously declared in D:\web\work experience\YemenBus\buss-test2\app\helpers.php:3) {"exception":"[object] (Symfony\\Component\\Debug\\Exception\\FatalErrorException(code: 64): Cannot redeclare sendSASMS() (previously declared in D:\\web\\work experience\\YemenBus\\buss-test2\\app\\helpers.php:3) at D:\\web\\work experience\\YemenBus\\buss-test2\\app\\helpers.php:3)
[stacktrace]
#0 {main}
"} 
[2022-06-26 11:39:55] local.ERROR: Cannot redeclare sendSASMS() (previously declared in D:\web\work experience\YemenBus\buss-test2\app\helpers.php:3) {"exception":"[object] (Symfony\\Component\\Debug\\Exception\\FatalErrorException(code: 64): Cannot redeclare sendSASMS() (previously declared in D:\\web\\work experience\\YemenBus\\buss-test2\\app\\helpers.php:3) at D:\\web\\work experience\\YemenBus\\buss-test2\\app\\helpers.php:3)
[stacktrace]
#0 {main}
"} 
[2022-06-26 11:40:55] local.ERROR: Cannot redeclare sendSASMS() (previously declared in D:\web\work experience\YemenBus\buss-test2\app\helpers.php:3) {"exception":"[object] (Symfony\\Component\\Debug\\Exception\\FatalErrorException(code: 64): Cannot redeclare sendSASMS() (previously declared in D:\\web\\work experience\\YemenBus\\buss-test2\\app\\helpers.php:3) at D:\\web\\work experience\\YemenBus\\buss-test2\\app\\helpers.php:3)
[stacktrace]
#0 {main}
"} 
[2022-06-26 11:41:55] local.ERROR: Uncaught RuntimeException: Unable to detect application namespace. in D:\web\work experience\YemenBus\buss-test2\vendor\laravel\framework\src\Illuminate\Foundation\Application.php:1268
Stack trace:
#0 Command line code(1): Illuminate\Foundation\Application->getNamespace()
#1 [internal function]: {closure}('D:\\web\\work exp...')
#2 Command line code(1): array_map(Object(Closure), Array)
#3 {main}
  thrown {"exception":"[object] (Symfony\\Component\\Debug\\Exception\\FatalErrorException(code: 1): Uncaught RuntimeException: Unable to detect application namespace. in D:\\web\\work experience\\YemenBus\\buss-test2\\vendor\\laravel\\framework\\src\\Illuminate\\Foundation\\Application.php:1268
Stack trace:
#0 Command line code(1): Illuminate\\Foundation\\Application->getNamespace()
#1 [internal function]: {closure}('D:\\\\web\\\\work exp...')
#2 Command line code(1): array_map(Object(Closure), Array)
#3 {main}
  thrown at D:\\web\\work experience\\YemenBus\\buss-test2\\vendor\\laravel\\framework\\src\\Illuminate\\Foundation\\Application.php:1268)
[stacktrace]
#0 {main}
"} 
[2022-06-26 11:42:55] local.ERROR: Cannot redeclare sendSASMS() (previously declared in D:\web\work experience\YemenBus\buss-test2\app\helpers.php:3) {"exception":"[object] (Symfony\\Component\\Debug\\Exception\\FatalErrorException(code: 64): Cannot redeclare sendSASMS() (previously declared in D:\\web\\work experience\\YemenBus\\buss-test2\\app\\helpers.php:3) at D:\\web\\work experience\\YemenBus\\buss-test2\\app\\helpers.php:3)
[stacktrace]
#0 {main}
"} 
[2022-06-26 11:43:55] local.ERROR: Cannot redeclare sendSASMS() (previously declared in D:\web\work experience\YemenBus\buss-test2\app\helpers.php:3) {"exception":"[object] (Symfony\\Component\\Debug\\Exception\\FatalErrorException(code: 64): Cannot redeclare sendSASMS() (previously declared in D:\\web\\work experience\\YemenBus\\buss-test2\\app\\helpers.php:3) at D:\\web\\work experience\\YemenBus\\buss-test2\\app\\helpers.php:3)
[stacktrace]
#0 {main}
"} 
[2022-06-26 11:44:55] local.ERROR: Cannot redeclare sendSASMS() (previously declared in D:\web\work experience\YemenBus\buss-test2\app\helpers.php:3) {"exception":"[object] (Symfony\\Component\\Debug\\Exception\\FatalErrorException(code: 64): Cannot redeclare sendSASMS() (previously declared in D:\\web\\work experience\\YemenBus\\buss-test2\\app\\helpers.php:3) at D:\\web\\work experience\\YemenBus\\buss-test2\\app\\helpers.php:3)
[stacktrace]
#0 {main}
"} 
[2022-06-26 11:45:55] local.ERROR: Cannot redeclare sendSASMS() (previously declared in D:\web\work experience\YemenBus\buss-test2\app\helpers.php:3) {"exception":"[object] (Symfony\\Component\\Debug\\Exception\\FatalErrorException(code: 64): Cannot redeclare sendSASMS() (previously declared in D:\\web\\work experience\\YemenBus\\buss-test2\\app\\helpers.php:3) at D:\\web\\work experience\\YemenBus\\buss-test2\\app\\helpers.php:3)
[stacktrace]
#0 {main}
"} 
[2022-06-26 11:46:55] local.ERROR: Cannot redeclare sendSASMS() (previously declared in D:\web\work experience\YemenBus\buss-test2\app\helpers.php:3) {"exception":"[object] (Symfony\\Component\\Debug\\Exception\\FatalErrorException(code: 64): Cannot redeclare sendSASMS() (previously declared in D:\\web\\work experience\\YemenBus\\buss-test2\\app\\helpers.php:3) at D:\\web\\work experience\\YemenBus\\buss-test2\\app\\helpers.php:3)
[stacktrace]
#0 {main}
"} 
[2022-06-26 11:47:55] local.ERROR: Cannot redeclare sendSASMS() (previously declared in D:\web\work experience\YemenBus\buss-test2\app\helpers.php:3) {"exception":"[object] (Symfony\\Component\\Debug\\Exception\\FatalErrorException(code: 64): Cannot redeclare sendSASMS() (previously declared in D:\\web\\work experience\\YemenBus\\buss-test2\\app\\helpers.php:3) at D:\\web\\work experience\\YemenBus\\buss-test2\\app\\helpers.php:3)
[stacktrace]
#0 {main}
"} 
[2022-06-26 11:48:55] local.ERROR: Cannot redeclare sendSASMS() (previously declared in D:\web\work experience\YemenBus\buss-test2\app\helpers.php:3) {"exception":"[object] (Symfony\\Component\\Debug\\Exception\\FatalErrorException(code: 64): Cannot redeclare sendSASMS() (previously declared in D:\\web\\work experience\\YemenBus\\buss-test2\\app\\helpers.php:3) at D:\\web\\work experience\\YemenBus\\buss-test2\\app\\helpers.php:3)
[stacktrace]
#0 {main}
"} 
[2022-06-26 11:49:55] local.ERROR: Cannot redeclare sendSASMS() (previously declared in D:\web\work experience\YemenBus\buss-test2\app\helpers.php:3) {"exception":"[object] (Symfony\\Component\\Debug\\Exception\\FatalErrorException(code: 64): Cannot redeclare sendSASMS() (previously declared in D:\\web\\work experience\\YemenBus\\buss-test2\\app\\helpers.php:3) at D:\\web\\work experience\\YemenBus\\buss-test2\\app\\helpers.php:3)
[stacktrace]
#0 {main}
"} 
[2022-06-26 11:50:55] local.ERROR: Cannot redeclare sendSASMS() (previously declared in D:\web\work experience\YemenBus\buss-test2\app\helpers.php:3) {"exception":"[object] (Symfony\\Component\\Debug\\Exception\\FatalErrorException(code: 64): Cannot redeclare sendSASMS() (previously declared in D:\\web\\work experience\\YemenBus\\buss-test2\\app\\helpers.php:3) at D:\\web\\work experience\\YemenBus\\buss-test2\\app\\helpers.php:3)
[stacktrace]
#0 {main}
"} 
[2022-06-26 11:51:55] local.ERROR: Cannot redeclare sendSASMS() (previously declared in D:\web\work experience\YemenBus\buss-test2\app\helpers.php:3) {"exception":"[object] (Symfony\\Component\\Debug\\Exception\\FatalErrorException(code: 64): Cannot redeclare sendSASMS() (previously declared in D:\\web\\work experience\\YemenBus\\buss-test2\\app\\helpers.php:3) at D:\\web\\work experience\\YemenBus\\buss-test2\\app\\helpers.php:3)
[stacktrace]
#0 {main}
"} 
[2022-06-26 11:52:55] local.ERROR: Cannot redeclare sendSASMS() (previously declared in D:\web\work experience\YemenBus\buss-test2\app\helpers.php:3) {"exception":"[object] (Symfony\\Component\\Debug\\Exception\\FatalErrorException(code: 64): Cannot redeclare sendSASMS() (previously declared in D:\\web\\work experience\\YemenBus\\buss-test2\\app\\helpers.php:3) at D:\\web\\work experience\\YemenBus\\buss-test2\\app\\helpers.php:3)
[stacktrace]
#0 {main}
"} 
[2022-06-26 11:53:55] local.ERROR: Cannot redeclare sendSASMS() (previously declared in D:\web\work experience\YemenBus\buss-test2\app\helpers.php:3) {"exception":"[object] (Symfony\\Component\\Debug\\Exception\\FatalErrorException(code: 64): Cannot redeclare sendSASMS() (previously declared in D:\\web\\work experience\\YemenBus\\buss-test2\\app\\helpers.php:3) at D:\\web\\work experience\\YemenBus\\buss-test2\\app\\helpers.php:3)
[stacktrace]
#0 {main}
"} 
[2022-06-26 11:54:55] local.ERROR: Cannot redeclare sendSASMS() (previously declared in D:\web\work experience\YemenBus\buss-test2\app\helpers.php:3) {"exception":"[object] (Symfony\\Component\\Debug\\Exception\\FatalErrorException(code: 64): Cannot redeclare sendSASMS() (previously declared in D:\\web\\work experience\\YemenBus\\buss-test2\\app\\helpers.php:3) at D:\\web\\work experience\\YemenBus\\buss-test2\\app\\helpers.php:3)
[stacktrace]
#0 {main}
"} 
[2022-06-26 11:55:55] local.ERROR: Cannot redeclare sendSASMS() (previously declared in D:\web\work experience\YemenBus\buss-test2\app\helpers.php:3) {"exception":"[object] (Symfony\\Component\\Debug\\Exception\\FatalErrorException(code: 64): Cannot redeclare sendSASMS() (previously declared in D:\\web\\work experience\\YemenBus\\buss-test2\\app\\helpers.php:3) at D:\\web\\work experience\\YemenBus\\buss-test2\\app\\helpers.php:3)
[stacktrace]
#0 {main}
"} 
[2022-06-26 11:56:55] local.ERROR: Cannot redeclare sendSASMS() (previously declared in D:\web\work experience\YemenBus\buss-test2\app\helpers.php:3) {"exception":"[object] (Symfony\\Component\\Debug\\Exception\\FatalErrorException(code: 64): Cannot redeclare sendSASMS() (previously declared in D:\\web\\work experience\\YemenBus\\buss-test2\\app\\helpers.php:3) at D:\\web\\work experience\\YemenBus\\buss-test2\\app\\helpers.php:3)
[stacktrace]
#0 {main}
"} 
[2022-06-26 12:03:55] local.ERROR: Cannot redeclare sendSASMS() (previously declared in D:\web\work experience\YemenBus\buss-test2\app\helpers.php:3) {"exception":"[object] (Symfony\\Component\\Debug\\Exception\\FatalErrorException(code: 64): Cannot redeclare sendSASMS() (previously declared in D:\\web\\work experience\\YemenBus\\buss-test2\\app\\helpers.php:3) at D:\\web\\work experience\\YemenBus\\buss-test2\\app\\helpers.php:3)
[stacktrace]
#0 {main}
"} 
[2022-06-26 12:04:55] local.ERROR: Cannot redeclare sendSASMS() (previously declared in D:\web\work experience\YemenBus\buss-test2\app\helpers.php:3) {"exception":"[object] (Symfony\\Component\\Debug\\Exception\\FatalErrorException(code: 64): Cannot redeclare sendSASMS() (previously declared in D:\\web\\work experience\\YemenBus\\buss-test2\\app\\helpers.php:3) at D:\\web\\work experience\\YemenBus\\buss-test2\\app\\helpers.php:3)
[stacktrace]
#0 {main}
"} 
[2022-06-26 12:05:55] local.ERROR: Cannot redeclare sendSASMS() (previously declared in D:\web\work experience\YemenBus\buss-test2\app\helpers.php:3) {"exception":"[object] (Symfony\\Component\\Debug\\Exception\\FatalErrorException(code: 64): Cannot redeclare sendSASMS() (previously declared in D:\\web\\work experience\\YemenBus\\buss-test2\\app\\helpers.php:3) at D:\\web\\work experience\\YemenBus\\buss-test2\\app\\helpers.php:3)
[stacktrace]
#0 {main}
"} 
[2022-06-26 12:06:55] local.ERROR: Cannot redeclare sendSASMS() (previously declared in D:\web\work experience\YemenBus\buss-test2\app\helpers.php:3) {"exception":"[object] (Symfony\\Component\\Debug\\Exception\\FatalErrorException(code: 64): Cannot redeclare sendSASMS() (previously declared in D:\\web\\work experience\\YemenBus\\buss-test2\\app\\helpers.php:3) at D:\\web\\work experience\\YemenBus\\buss-test2\\app\\helpers.php:3)
[stacktrace]
#0 {main}
"} 
[2022-06-26 12:07:55] local.ERROR: Cannot redeclare sendSASMS() (previously declared in D:\web\work experience\YemenBus\buss-test2\app\helpers.php:3) {"exception":"[object] (Symfony\\Component\\Debug\\Exception\\FatalErrorException(code: 64): Cannot redeclare sendSASMS() (previously declared in D:\\web\\work experience\\YemenBus\\buss-test2\\app\\helpers.php:3) at D:\\web\\work experience\\YemenBus\\buss-test2\\app\\helpers.php:3)
[stacktrace]
#0 {main}
"} 
[2022-06-26 12:08:55] local.ERROR: Cannot redeclare sendSASMS() (previously declared in D:\web\work experience\YemenBus\buss-test2\app\helpers.php:3) {"exception":"[object] (Symfony\\Component\\Debug\\Exception\\FatalErrorException(code: 64): Cannot redeclare sendSASMS() (previously declared in D:\\web\\work experience\\YemenBus\\buss-test2\\app\\helpers.php:3) at D:\\web\\work experience\\YemenBus\\buss-test2\\app\\helpers.php:3)
[stacktrace]
#0 {main}
"} 
[2022-06-26 12:10:48] local.ERROR: Cannot redeclare sendSASMS() (previously declared in D:\web\work experience\YemenBus\buss-test2\app\helpers.php:3) {"exception":"[object] (Symfony\\Component\\Debug\\Exception\\FatalErrorException(code: 64): Cannot redeclare sendSASMS() (previously declared in D:\\web\\work experience\\YemenBus\\buss-test2\\app\\helpers.php:3) at D:\\web\\work experience\\YemenBus\\buss-test2\\app\\helpers.php:3)
[stacktrace]
#0 {main}
"} 
[2022-06-26 12:11:50] local.ERROR: Cannot redeclare sendSASMS() (previously declared in D:\web\work experience\YemenBus\buss-test2\app\helpers.php:3) {"exception":"[object] (Symfony\\Component\\Debug\\Exception\\FatalErrorException(code: 64): Cannot redeclare sendSASMS() (previously declared in D:\\web\\work experience\\YemenBus\\buss-test2\\app\\helpers.php:3) at D:\\web\\work experience\\YemenBus\\buss-test2\\app\\helpers.php:3)
[stacktrace]
#0 {main}
"} 
[2022-06-26 12:13:06] local.ERROR: Cannot redeclare sendSASMS() (previously declared in D:\web\work experience\YemenBus\buss-test2\app\helpers.php:3) {"exception":"[object] (Symfony\\Component\\Debug\\Exception\\FatalErrorException(code: 64): Cannot redeclare sendSASMS() (previously declared in D:\\web\\work experience\\YemenBus\\buss-test2\\app\\helpers.php:3) at D:\\web\\work experience\\YemenBus\\buss-test2\\app\\helpers.php:3)
[stacktrace]
#0 {main}
"} 
[2022-06-26 12:13:48] local.ERROR: Cannot redeclare sendSASMS() (previously declared in D:\web\work experience\YemenBus\buss-test2\app\helpers.php:3) {"exception":"[object] (Symfony\\Component\\Debug\\Exception\\FatalErrorException(code: 64): Cannot redeclare sendSASMS() (previously declared in D:\\web\\work experience\\YemenBus\\buss-test2\\app\\helpers.php:3) at D:\\web\\work experience\\YemenBus\\buss-test2\\app\\helpers.php:3)
[stacktrace]
#0 {main}
"} 
[2022-06-26 12:14:48] local.ERROR: Cannot redeclare sendSASMS() (previously declared in D:\web\work experience\YemenBus\buss-test2\app\helpers.php:3) {"exception":"[object] (Symfony\\Component\\Debug\\Exception\\FatalErrorException(code: 64): Cannot redeclare sendSASMS() (previously declared in D:\\web\\work experience\\YemenBus\\buss-test2\\app\\helpers.php:3) at D:\\web\\work experience\\YemenBus\\buss-test2\\app\\helpers.php:3)
[stacktrace]
#0 {main}
"} 
[2022-06-26 12:15:48] local.ERROR: Cannot redeclare sendSASMS() (previously declared in D:\web\work experience\YemenBus\buss-test2\app\helpers.php:3) {"exception":"[object] (Symfony\\Component\\Debug\\Exception\\FatalErrorException(code: 64): Cannot redeclare sendSASMS() (previously declared in D:\\web\\work experience\\YemenBus\\buss-test2\\app\\helpers.php:3) at D:\\web\\work experience\\YemenBus\\buss-test2\\app\\helpers.php:3)
[stacktrace]
#0 {main}
"} 
[2022-06-26 12:16:48] local.ERROR: Cannot redeclare sendSASMS() (previously declared in D:\web\work experience\YemenBus\buss-test2\app\helpers.php:3) {"exception":"[object] (Symfony\\Component\\Debug\\Exception\\FatalErrorException(code: 64): Cannot redeclare sendSASMS() (previously declared in D:\\web\\work experience\\YemenBus\\buss-test2\\app\\helpers.php:3) at D:\\web\\work experience\\YemenBus\\buss-test2\\app\\helpers.php:3)
[stacktrace]
#0 {main}
"} 
[2022-06-26 12:17:48] local.ERROR: Cannot redeclare sendSASMS() (previously declared in D:\web\work experience\YemenBus\buss-test2\app\helpers.php:3) {"exception":"[object] (Symfony\\Component\\Debug\\Exception\\FatalErrorException(code: 64): Cannot redeclare sendSASMS() (previously declared in D:\\web\\work experience\\YemenBus\\buss-test2\\app\\helpers.php:3) at D:\\web\\work experience\\YemenBus\\buss-test2\\app\\helpers.php:3)
[stacktrace]
#0 {main}
"} 
[2022-06-26 12:18:48] local.ERROR: Cannot redeclare sendSASMS() (previously declared in D:\web\work experience\YemenBus\buss-test2\app\helpers.php:3) {"exception":"[object] (Symfony\\Component\\Debug\\Exception\\FatalErrorException(code: 64): Cannot redeclare sendSASMS() (previously declared in D:\\web\\work experience\\YemenBus\\buss-test2\\app\\helpers.php:3) at D:\\web\\work experience\\YemenBus\\buss-test2\\app\\helpers.php:3)
[stacktrace]
#0 {main}
"} 
[2022-06-26 12:19:48] local.ERROR: Cannot redeclare sendSASMS() (previously declared in D:\web\work experience\YemenBus\buss-test2\app\helpers.php:3) {"exception":"[object] (Symfony\\Component\\Debug\\Exception\\FatalErrorException(code: 64): Cannot redeclare sendSASMS() (previously declared in D:\\web\\work experience\\YemenBus\\buss-test2\\app\\helpers.php:3) at D:\\web\\work experience\\YemenBus\\buss-test2\\app\\helpers.php:3)
[stacktrace]
#0 {main}
"} 
[2022-06-26 12:20:48] local.ERROR: Cannot redeclare sendSASMS() (previously declared in D:\web\work experience\YemenBus\buss-test2\app\helpers.php:3) {"exception":"[object] (Symfony\\Component\\Debug\\Exception\\FatalErrorException(code: 64): Cannot redeclare sendSASMS() (previously declared in D:\\web\\work experience\\YemenBus\\buss-test2\\app\\helpers.php:3) at D:\\web\\work experience\\YemenBus\\buss-test2\\app\\helpers.php:3)
[stacktrace]
#0 {main}
"} 
[2022-06-26 12:21:48] local.ERROR: Cannot redeclare sendSASMS() (previously declared in D:\web\work experience\YemenBus\buss-test2\app\helpers.php:3) {"exception":"[object] (Symfony\\Component\\Debug\\Exception\\FatalErrorException(code: 64): Cannot redeclare sendSASMS() (previously declared in D:\\web\\work experience\\YemenBus\\buss-test2\\app\\helpers.php:3) at D:\\web\\work experience\\YemenBus\\buss-test2\\app\\helpers.php:3)
[stacktrace]
#0 {main}
"} 
[2022-06-26 12:22:48] local.ERROR: Cannot redeclare sendSASMS() (previously declared in D:\web\work experience\YemenBus\buss-test2\app\helpers.php:3) {"exception":"[object] (Symfony\\Component\\Debug\\Exception\\FatalErrorException(code: 64): Cannot redeclare sendSASMS() (previously declared in D:\\web\\work experience\\YemenBus\\buss-test2\\app\\helpers.php:3) at D:\\web\\work experience\\YemenBus\\buss-test2\\app\\helpers.php:3)
[stacktrace]
#0 {main}
"} 
[2022-06-26 12:23:48] local.ERROR: Cannot redeclare sendSASMS() (previously declared in D:\web\work experience\YemenBus\buss-test2\app\helpers.php:3) {"exception":"[object] (Symfony\\Component\\Debug\\Exception\\FatalErrorException(code: 64): Cannot redeclare sendSASMS() (previously declared in D:\\web\\work experience\\YemenBus\\buss-test2\\app\\helpers.php:3) at D:\\web\\work experience\\YemenBus\\buss-test2\\app\\helpers.php:3)
[stacktrace]
#0 {main}
"} 
[2022-06-26 12:24:48] local.ERROR: Cannot redeclare sendSASMS() (previously declared in D:\web\work experience\YemenBus\buss-test2\app\helpers.php:3) {"exception":"[object] (Symfony\\Component\\Debug\\Exception\\FatalErrorException(code: 64): Cannot redeclare sendSASMS() (previously declared in D:\\web\\work experience\\YemenBus\\buss-test2\\app\\helpers.php:3) at D:\\web\\work experience\\YemenBus\\buss-test2\\app\\helpers.php:3)
[stacktrace]
#0 {main}
"} 
[2022-06-26 15:47:51] local.ERROR: Cannot redeclare sendSASMS() (previously declared in D:\web\work experience\YemenBus\buss-test2\app\helpers.php:3) {"exception":"[object] (Symfony\\Component\\Debug\\Exception\\FatalErrorException(code: 64): Cannot redeclare sendSASMS() (previously declared in D:\\web\\work experience\\YemenBus\\buss-test2\\app\\helpers.php:3) at D:\\web\\work experience\\YemenBus\\buss-test2\\app\\helpers.php:3)
[stacktrace]
#0 {main}
"} 
[2022-06-26 15:48:01] local.ERROR: Cannot redeclare sendSASMS() (previously declared in D:\web\work experience\YemenBus\buss-test2\app\helpers.php:3) {"exception":"[object] (Symfony\\Component\\Debug\\Exception\\FatalErrorException(code: 64): Cannot redeclare sendSASMS() (previously declared in D:\\web\\work experience\\YemenBus\\buss-test2\\app\\helpers.php:3) at D:\\web\\work experience\\YemenBus\\buss-test2\\app\\helpers.php:3)
[stacktrace]
#0 {main}
"} 
[2022-06-26 15:49:01] local.ERROR: Cannot redeclare sendSASMS() (previously declared in D:\web\work experience\YemenBus\buss-test2\app\helpers.php:3) {"exception":"[object] (Symfony\\Component\\Debug\\Exception\\FatalErrorException(code: 64): Cannot redeclare sendSASMS() (previously declared in D:\\web\\work experience\\YemenBus\\buss-test2\\app\\helpers.php:3) at D:\\web\\work experience\\YemenBus\\buss-test2\\app\\helpers.php:3)
[stacktrace]
#0 {main}
"} 
[2022-06-26 15:50:01] local.ERROR: Cannot redeclare sendSASMS() (previously declared in D:\web\work experience\YemenBus\buss-test2\app\helpers.php:3) {"exception":"[object] (Symfony\\Component\\Debug\\Exception\\FatalErrorException(code: 64): Cannot redeclare sendSASMS() (previously declared in D:\\web\\work experience\\YemenBus\\buss-test2\\app\\helpers.php:3) at D:\\web\\work experience\\YemenBus\\buss-test2\\app\\helpers.php:3)
[stacktrace]
#0 {main}
"} 
[2022-06-26 15:51:01] local.ERROR: Cannot redeclare sendSASMS() (previously declared in D:\web\work experience\YemenBus\buss-test2\app\helpers.php:3) {"exception":"[object] (Symfony\\Component\\Debug\\Exception\\FatalErrorException(code: 64): Cannot redeclare sendSASMS() (previously declared in D:\\web\\work experience\\YemenBus\\buss-test2\\app\\helpers.php:3) at D:\\web\\work experience\\YemenBus\\buss-test2\\app\\helpers.php:3)
[stacktrace]
#0 {main}
"} 
[2022-06-26 15:52:01] local.ERROR: Cannot redeclare sendSASMS() (previously declared in D:\web\work experience\YemenBus\buss-test2\app\helpers.php:3) {"exception":"[object] (Symfony\\Component\\Debug\\Exception\\FatalErrorException(code: 64): Cannot redeclare sendSASMS() (previously declared in D:\\web\\work experience\\YemenBus\\buss-test2\\app\\helpers.php:3) at D:\\web\\work experience\\YemenBus\\buss-test2\\app\\helpers.php:3)
[stacktrace]
#0 {main}
"} 
[2022-06-26 15:53:01] local.ERROR: Cannot redeclare sendSASMS() (previously declared in D:\web\work experience\YemenBus\buss-test2\app\helpers.php:3) {"exception":"[object] (Symfony\\Component\\Debug\\Exception\\FatalErrorException(code: 64): Cannot redeclare sendSASMS() (previously declared in D:\\web\\work experience\\YemenBus\\buss-test2\\app\\helpers.php:3) at D:\\web\\work experience\\YemenBus\\buss-test2\\app\\helpers.php:3)
[stacktrace]
#0 {main}
"} 
[2022-06-26 15:54:01] local.ERROR: Cannot redeclare sendSASMS() (previously declared in D:\web\work experience\YemenBus\buss-test2\app\helpers.php:3) {"exception":"[object] (Symfony\\Component\\Debug\\Exception\\FatalErrorException(code: 64): Cannot redeclare sendSASMS() (previously declared in D:\\web\\work experience\\YemenBus\\buss-test2\\app\\helpers.php:3) at D:\\web\\work experience\\YemenBus\\buss-test2\\app\\helpers.php:3)
[stacktrace]
#0 {main}
"} 
[2022-06-26 15:55:01] local.ERROR: Cannot redeclare sendSASMS() (previously declared in D:\web\work experience\YemenBus\buss-test2\app\helpers.php:3) {"exception":"[object] (Symfony\\Component\\Debug\\Exception\\FatalErrorException(code: 64): Cannot redeclare sendSASMS() (previously declared in D:\\web\\work experience\\YemenBus\\buss-test2\\app\\helpers.php:3) at D:\\web\\work experience\\YemenBus\\buss-test2\\app\\helpers.php:3)
[stacktrace]
#0 {main}
"} 
[2022-06-26 15:56:01] local.ERROR: Cannot redeclare sendSASMS() (previously declared in D:\web\work experience\YemenBus\buss-test2\app\helpers.php:3) {"exception":"[object] (Symfony\\Component\\Debug\\Exception\\FatalErrorException(code: 64): Cannot redeclare sendSASMS() (previously declared in D:\\web\\work experience\\YemenBus\\buss-test2\\app\\helpers.php:3) at D:\\web\\work experience\\YemenBus\\buss-test2\\app\\helpers.php:3)
[stacktrace]
#0 {main}
"} 
[2022-06-26 15:57:01] local.ERROR: Cannot redeclare sendSASMS() (previously declared in D:\web\work experience\YemenBus\buss-test2\app\helpers.php:3) {"exception":"[object] (Symfony\\Component\\Debug\\Exception\\FatalErrorException(code: 64): Cannot redeclare sendSASMS() (previously declared in D:\\web\\work experience\\YemenBus\\buss-test2\\app\\helpers.php:3) at D:\\web\\work experience\\YemenBus\\buss-test2\\app\\helpers.php:3)
[stacktrace]
#0 {main}
"} 
[2022-06-26 15:58:01] local.ERROR: Cannot redeclare sendSASMS() (previously declared in D:\web\work experience\YemenBus\buss-test2\app\helpers.php:3) {"exception":"[object] (Symfony\\Component\\Debug\\Exception\\FatalErrorException(code: 64): Cannot redeclare sendSASMS() (previously declared in D:\\web\\work experience\\YemenBus\\buss-test2\\app\\helpers.php:3) at D:\\web\\work experience\\YemenBus\\buss-test2\\app\\helpers.php:3)
[stacktrace]
#0 {main}
"} 
[2022-06-26 15:59:01] local.ERROR: Cannot redeclare sendSASMS() (previously declared in D:\web\work experience\YemenBus\buss-test2\app\helpers.php:3) {"exception":"[object] (Symfony\\Component\\Debug\\Exception\\FatalErrorException(code: 64): Cannot redeclare sendSASMS() (previously declared in D:\\web\\work experience\\YemenBus\\buss-test2\\app\\helpers.php:3) at D:\\web\\work experience\\YemenBus\\buss-test2\\app\\helpers.php:3)
[stacktrace]
#0 {main}
"} 
[2022-06-26 16:00:01] local.ERROR: Cannot redeclare sendSASMS() (previously declared in D:\web\work experience\YemenBus\buss-test2\app\helpers.php:3) {"exception":"[object] (Symfony\\Component\\Debug\\Exception\\FatalErrorException(code: 64): Cannot redeclare sendSASMS() (previously declared in D:\\web\\work experience\\YemenBus\\buss-test2\\app\\helpers.php:3) at D:\\web\\work experience\\YemenBus\\buss-test2\\app\\helpers.php:3)
[stacktrace]
#0 {main}
"} 
[2022-06-26 16:01:01] local.ERROR: Cannot redeclare sendSASMS() (previously declared in D:\web\work experience\YemenBus\buss-test2\app\helpers.php:3) {"exception":"[object] (Symfony\\Component\\Debug\\Exception\\FatalErrorException(code: 64): Cannot redeclare sendSASMS() (previously declared in D:\\web\\work experience\\YemenBus\\buss-test2\\app\\helpers.php:3) at D:\\web\\work experience\\YemenBus\\buss-test2\\app\\helpers.php:3)
[stacktrace]
#0 {main}
"} 
[2022-06-26 16:02:01] local.ERROR: Cannot redeclare sendSASMS() (previously declared in D:\web\work experience\YemenBus\buss-test2\app\helpers.php:3) {"exception":"[object] (Symfony\\Component\\Debug\\Exception\\FatalErrorException(code: 64): Cannot redeclare sendSASMS() (previously declared in D:\\web\\work experience\\YemenBus\\buss-test2\\app\\helpers.php:3) at D:\\web\\work experience\\YemenBus\\buss-test2\\app\\helpers.php:3)
[stacktrace]
#0 {main}
"} 
[2022-06-26 16:03:01] local.ERROR: Cannot redeclare sendSASMS() (previously declared in D:\web\work experience\YemenBus\buss-test2\app\helpers.php:3) {"exception":"[object] (Symfony\\Component\\Debug\\Exception\\FatalErrorException(code: 64): Cannot redeclare sendSASMS() (previously declared in D:\\web\\work experience\\YemenBus\\buss-test2\\app\\helpers.php:3) at D:\\web\\work experience\\YemenBus\\buss-test2\\app\\helpers.php:3)
[stacktrace]
#0 {main}
"} 
[2022-06-26 16:04:01] local.ERROR: Cannot redeclare sendSASMS() (previously declared in D:\web\work experience\YemenBus\buss-test2\app\helpers.php:3) {"exception":"[object] (Symfony\\Component\\Debug\\Exception\\FatalErrorException(code: 64): Cannot redeclare sendSASMS() (previously declared in D:\\web\\work experience\\YemenBus\\buss-test2\\app\\helpers.php:3) at D:\\web\\work experience\\YemenBus\\buss-test2\\app\\helpers.php:3)
[stacktrace]
#0 {main}
"} 
[2022-06-26 16:05:01] local.ERROR: Cannot redeclare sendSASMS() (previously declared in D:\web\work experience\YemenBus\buss-test2\app\helpers.php:3) {"exception":"[object] (Symfony\\Component\\Debug\\Exception\\FatalErrorException(code: 64): Cannot redeclare sendSASMS() (previously declared in D:\\web\\work experience\\YemenBus\\buss-test2\\app\\helpers.php:3) at D:\\web\\work experience\\YemenBus\\buss-test2\\app\\helpers.php:3)
[stacktrace]
#0 {main}
"} 
[2022-06-26 16:06:01] local.ERROR: Cannot redeclare sendSASMS() (previously declared in D:\web\work experience\YemenBus\buss-test2\app\helpers.php:3) {"exception":"[object] (Symfony\\Component\\Debug\\Exception\\FatalErrorException(code: 64): Cannot redeclare sendSASMS() (previously declared in D:\\web\\work experience\\YemenBus\\buss-test2\\app\\helpers.php:3) at D:\\web\\work experience\\YemenBus\\buss-test2\\app\\helpers.php:3)
[stacktrace]
#0 {main}
"} 
[2022-06-26 16:07:01] local.ERROR: Cannot redeclare sendSASMS() (previously declared in D:\web\work experience\YemenBus\buss-test2\app\helpers.php:3) {"exception":"[object] (Symfony\\Component\\Debug\\Exception\\FatalErrorException(code: 64): Cannot redeclare sendSASMS() (previously declared in D:\\web\\work experience\\YemenBus\\buss-test2\\app\\helpers.php:3) at D:\\web\\work experience\\YemenBus\\buss-test2\\app\\helpers.php:3)
[stacktrace]
#0 {main}
"} 
[2022-06-26 16:08:01] local.ERROR: Cannot redeclare sendSASMS() (previously declared in D:\web\work experience\YemenBus\buss-test2\app\helpers.php:3) {"exception":"[object] (Symfony\\Component\\Debug\\Exception\\FatalErrorException(code: 64): Cannot redeclare sendSASMS() (previously declared in D:\\web\\work experience\\YemenBus\\buss-test2\\app\\helpers.php:3) at D:\\web\\work experience\\YemenBus\\buss-test2\\app\\helpers.php:3)
[stacktrace]
#0 {main}
"} 
[2022-06-26 16:09:01] local.ERROR: Cannot redeclare sendSASMS() (previously declared in D:\web\work experience\YemenBus\buss-test2\app\helpers.php:3) {"exception":"[object] (Symfony\\Component\\Debug\\Exception\\FatalErrorException(code: 64): Cannot redeclare sendSASMS() (previously declared in D:\\web\\work experience\\YemenBus\\buss-test2\\app\\helpers.php:3) at D:\\web\\work experience\\YemenBus\\buss-test2\\app\\helpers.php:3)
[stacktrace]
#0 {main}
"} 
[2022-06-26 16:10:01] local.ERROR: Cannot redeclare sendSASMS() (previously declared in D:\web\work experience\YemenBus\buss-test2\app\helpers.php:3) {"exception":"[object] (Symfony\\Component\\Debug\\Exception\\FatalErrorException(code: 64): Cannot redeclare sendSASMS() (previously declared in D:\\web\\work experience\\YemenBus\\buss-test2\\app\\helpers.php:3) at D:\\web\\work experience\\YemenBus\\buss-test2\\app\\helpers.php:3)
[stacktrace]
#0 {main}
"} 
[2022-06-26 16:11:01] local.ERROR: Cannot redeclare sendSASMS() (previously declared in D:\web\work experience\YemenBus\buss-test2\app\helpers.php:3) {"exception":"[object] (Symfony\\Component\\Debug\\Exception\\FatalErrorException(code: 64): Cannot redeclare sendSASMS() (previously declared in D:\\web\\work experience\\YemenBus\\buss-test2\\app\\helpers.php:3) at D:\\web\\work experience\\YemenBus\\buss-test2\\app\\helpers.php:3)
[stacktrace]
#0 {main}
"} 
[2022-06-26 16:12:01] local.ERROR: Cannot redeclare sendSASMS() (previously declared in D:\web\work experience\YemenBus\buss-test2\app\helpers.php:3) {"exception":"[object] (Symfony\\Component\\Debug\\Exception\\FatalErrorException(code: 64): Cannot redeclare sendSASMS() (previously declared in D:\\web\\work experience\\YemenBus\\buss-test2\\app\\helpers.php:3) at D:\\web\\work experience\\YemenBus\\buss-test2\\app\\helpers.php:3)
[stacktrace]
#0 {main}
"} 
[2022-06-26 16:13:01] local.ERROR: Cannot redeclare sendSASMS() (previously declared in D:\web\work experience\YemenBus\buss-test2\app\helpers.php:3) {"exception":"[object] (Symfony\\Component\\Debug\\Exception\\FatalErrorException(code: 64): Cannot redeclare sendSASMS() (previously declared in D:\\web\\work experience\\YemenBus\\buss-test2\\app\\helpers.php:3) at D:\\web\\work experience\\YemenBus\\buss-test2\\app\\helpers.php:3)
[stacktrace]
#0 {main}
"} 
[2022-06-26 16:14:01] local.ERROR: Cannot redeclare sendSASMS() (previously declared in D:\web\work experience\YemenBus\buss-test2\app\helpers.php:3) {"exception":"[object] (Symfony\\Component\\Debug\\Exception\\FatalErrorException(code: 64): Cannot redeclare sendSASMS() (previously declared in D:\\web\\work experience\\YemenBus\\buss-test2\\app\\helpers.php:3) at D:\\web\\work experience\\YemenBus\\buss-test2\\app\\helpers.php:3)
[stacktrace]
#0 {main}
"} 
[2022-06-26 16:15:01] local.ERROR: Cannot redeclare sendSASMS() (previously declared in D:\web\work experience\YemenBus\buss-test2\app\helpers.php:3) {"exception":"[object] (Symfony\\Component\\Debug\\Exception\\FatalErrorException(code: 64): Cannot redeclare sendSASMS() (previously declared in D:\\web\\work experience\\YemenBus\\buss-test2\\app\\helpers.php:3) at D:\\web\\work experience\\YemenBus\\buss-test2\\app\\helpers.php:3)
[stacktrace]
#0 {main}
"} 
[2022-06-26 16:16:01] local.ERROR: Cannot redeclare sendSASMS() (previously declared in D:\web\work experience\YemenBus\buss-test2\app\helpers.php:3) {"exception":"[object] (Symfony\\Component\\Debug\\Exception\\FatalErrorException(code: 64): Cannot redeclare sendSASMS() (previously declared in D:\\web\\work experience\\YemenBus\\buss-test2\\app\\helpers.php:3) at D:\\web\\work experience\\YemenBus\\buss-test2\\app\\helpers.php:3)
[stacktrace]
#0 {main}
"} 
[2022-06-26 16:17:01] local.ERROR: Cannot redeclare sendSASMS() (previously declared in D:\web\work experience\YemenBus\buss-test2\app\helpers.php:3) {"exception":"[object] (Symfony\\Component\\Debug\\Exception\\FatalErrorException(code: 64): Cannot redeclare sendSASMS() (previously declared in D:\\web\\work experience\\YemenBus\\buss-test2\\app\\helpers.php:3) at D:\\web\\work experience\\YemenBus\\buss-test2\\app\\helpers.php:3)
[stacktrace]
#0 {main}
"} 
[2022-06-26 16:18:01] local.ERROR: Cannot redeclare sendSASMS() (previously declared in D:\web\work experience\YemenBus\buss-test2\app\helpers.php:3) {"exception":"[object] (Symfony\\Component\\Debug\\Exception\\FatalErrorException(code: 64): Cannot redeclare sendSASMS() (previously declared in D:\\web\\work experience\\YemenBus\\buss-test2\\app\\helpers.php:3) at D:\\web\\work experience\\YemenBus\\buss-test2\\app\\helpers.php:3)
[stacktrace]
#0 {main}
"} 
[2022-06-26 16:19:01] local.ERROR: Cannot redeclare sendSASMS() (previously declared in D:\web\work experience\YemenBus\buss-test2\app\helpers.php:3) {"exception":"[object] (Symfony\\Component\\Debug\\Exception\\FatalErrorException(code: 64): Cannot redeclare sendSASMS() (previously declared in D:\\web\\work experience\\YemenBus\\buss-test2\\app\\helpers.php:3) at D:\\web\\work experience\\YemenBus\\buss-test2\\app\\helpers.php:3)
[stacktrace]
#0 {main}
"} 
[2022-06-26 16:20:01] local.ERROR: Cannot redeclare sendSASMS() (previously declared in D:\web\work experience\YemenBus\buss-test2\app\helpers.php:3) {"exception":"[object] (Symfony\\Component\\Debug\\Exception\\FatalErrorException(code: 64): Cannot redeclare sendSASMS() (previously declared in D:\\web\\work experience\\YemenBus\\buss-test2\\app\\helpers.php:3) at D:\\web\\work experience\\YemenBus\\buss-test2\\app\\helpers.php:3)
[stacktrace]
#0 {main}
"} 
[2022-06-26 16:21:01] local.ERROR: Cannot redeclare sendSASMS() (previously declared in D:\web\work experience\YemenBus\buss-test2\app\helpers.php:3) {"exception":"[object] (Symfony\\Component\\Debug\\Exception\\FatalErrorException(code: 64): Cannot redeclare sendSASMS() (previously declared in D:\\web\\work experience\\YemenBus\\buss-test2\\app\\helpers.php:3) at D:\\web\\work experience\\YemenBus\\buss-test2\\app\\helpers.php:3)
[stacktrace]
#0 {main}
"} 
[2022-06-26 16:22:01] local.ERROR: Cannot redeclare sendSASMS() (previously declared in D:\web\work experience\YemenBus\buss-test2\app\helpers.php:3) {"exception":"[object] (Symfony\\Component\\Debug\\Exception\\FatalErrorException(code: 64): Cannot redeclare sendSASMS() (previously declared in D:\\web\\work experience\\YemenBus\\buss-test2\\app\\helpers.php:3) at D:\\web\\work experience\\YemenBus\\buss-test2\\app\\helpers.php:3)
[stacktrace]
#0 {main}
"} 
[2022-06-26 16:23:01] local.ERROR: Cannot redeclare sendSASMS() (previously declared in D:\web\work experience\YemenBus\buss-test2\app\helpers.php:3) {"exception":"[object] (Symfony\\Component\\Debug\\Exception\\FatalErrorException(code: 64): Cannot redeclare sendSASMS() (previously declared in D:\\web\\work experience\\YemenBus\\buss-test2\\app\\helpers.php:3) at D:\\web\\work experience\\YemenBus\\buss-test2\\app\\helpers.php:3)
[stacktrace]
#0 {main}
"} 
[2022-06-26 16:24:01] local.ERROR: Cannot redeclare sendSASMS() (previously declared in D:\web\work experience\YemenBus\buss-test2\app\helpers.php:3) {"exception":"[object] (Symfony\\Component\\Debug\\Exception\\FatalErrorException(code: 64): Cannot redeclare sendSASMS() (previously declared in D:\\web\\work experience\\YemenBus\\buss-test2\\app\\helpers.php:3) at D:\\web\\work experience\\YemenBus\\buss-test2\\app\\helpers.php:3)
[stacktrace]
#0 {main}
"} 
[2022-06-26 16:25:23] local.ERROR: Cannot redeclare sendSASMS() (previously declared in D:\web\work experience\YemenBus\buss-test2\app\helpers.php:3) {"exception":"[object] (Symfony\\Component\\Debug\\Exception\\FatalErrorException(code: 64): Cannot redeclare sendSASMS() (previously declared in D:\\web\\work experience\\YemenBus\\buss-test2\\app\\helpers.php:3) at D:\\web\\work experience\\YemenBus\\buss-test2\\app\\helpers.php:3)
[stacktrace]
#0 {main}
"} 
[2022-06-26 16:26:02] local.ERROR: Cannot redeclare sendSASMS() (previously declared in D:\web\work experience\YemenBus\buss-test2\app\helpers.php:3) {"exception":"[object] (Symfony\\Component\\Debug\\Exception\\FatalErrorException(code: 64): Cannot redeclare sendSASMS() (previously declared in D:\\web\\work experience\\YemenBus\\buss-test2\\app\\helpers.php:3) at D:\\web\\work experience\\YemenBus\\buss-test2\\app\\helpers.php:3)
[stacktrace]
#0 {main}
"} 
[2022-06-26 16:27:01] local.ERROR: Cannot redeclare sendSASMS() (previously declared in D:\web\work experience\YemenBus\buss-test2\app\helpers.php:3) {"exception":"[object] (Symfony\\Component\\Debug\\Exception\\FatalErrorException(code: 64): Cannot redeclare sendSASMS() (previously declared in D:\\web\\work experience\\YemenBus\\buss-test2\\app\\helpers.php:3) at D:\\web\\work experience\\YemenBus\\buss-test2\\app\\helpers.php:3)
[stacktrace]
#0 {main}
"} 
[2022-06-26 16:51:15] local.ERROR: Cannot redeclare sendSASMS() (previously declared in D:\web\work experience\YemenBus\buss-test2\app\helpers.php:3) {"exception":"[object] (Symfony\\Component\\Debug\\Exception\\FatalErrorException(code: 64): Cannot redeclare sendSASMS() (previously declared in D:\\web\\work experience\\YemenBus\\buss-test2\\app\\helpers.php:3) at D:\\web\\work experience\\YemenBus\\buss-test2\\app\\helpers.php:3)
[stacktrace]
#0 {main}
"} 
[2022-06-26 16:51:34] local.ERROR: Cannot redeclare sendSASMS() (previously declared in D:\web\work experience\YemenBus\buss-test2\app\helpers.php:3) {"exception":"[object] (Symfony\\Component\\Debug\\Exception\\FatalErrorException(code: 64): Cannot redeclare sendSASMS() (previously declared in D:\\web\\work experience\\YemenBus\\buss-test2\\app\\helpers.php:3) at D:\\web\\work experience\\YemenBus\\buss-test2\\app\\helpers.php:3)
[stacktrace]
#0 {main}
"} 
[2022-06-26 16:52:34] local.ERROR: Cannot redeclare sendSASMS() (previously declared in D:\web\work experience\YemenBus\buss-test2\app\helpers.php:3) {"exception":"[object] (Symfony\\Component\\Debug\\Exception\\FatalErrorException(code: 64): Cannot redeclare sendSASMS() (previously declared in D:\\web\\work experience\\YemenBus\\buss-test2\\app\\helpers.php:3) at D:\\web\\work experience\\YemenBus\\buss-test2\\app\\helpers.php:3)
[stacktrace]
#0 {main}
"} 
[2022-06-26 16:53:34] local.ERROR: Cannot redeclare sendSASMS() (previously declared in D:\web\work experience\YemenBus\buss-test2\app\helpers.php:3) {"exception":"[object] (Symfony\\Component\\Debug\\Exception\\FatalErrorException(code: 64): Cannot redeclare sendSASMS() (previously declared in D:\\web\\work experience\\YemenBus\\buss-test2\\app\\helpers.php:3) at D:\\web\\work experience\\YemenBus\\buss-test2\\app\\helpers.php:3)
[stacktrace]
#0 {main}
"} 
[2022-06-26 16:54:34] local.ERROR: Cannot redeclare sendSASMS() (previously declared in D:\web\work experience\YemenBus\buss-test2\app\helpers.php:3) {"exception":"[object] (Symfony\\Component\\Debug\\Exception\\FatalErrorException(code: 64): Cannot redeclare sendSASMS() (previously declared in D:\\web\\work experience\\YemenBus\\buss-test2\\app\\helpers.php:3) at D:\\web\\work experience\\YemenBus\\buss-test2\\app\\helpers.php:3)
[stacktrace]
#0 {main}
"} 
[2022-06-26 16:55:34] local.ERROR: Cannot redeclare sendSASMS() (previously declared in D:\web\work experience\YemenBus\buss-test2\app\helpers.php:3) {"exception":"[object] (Symfony\\Component\\Debug\\Exception\\FatalErrorException(code: 64): Cannot redeclare sendSASMS() (previously declared in D:\\web\\work experience\\YemenBus\\buss-test2\\app\\helpers.php:3) at D:\\web\\work experience\\YemenBus\\buss-test2\\app\\helpers.php:3)
[stacktrace]
#0 {main}
"} 
[2022-06-26 16:56:34] local.ERROR: Cannot redeclare sendSASMS() (previously declared in D:\web\work experience\YemenBus\buss-test2\app\helpers.php:3) {"exception":"[object] (Symfony\\Component\\Debug\\Exception\\FatalErrorException(code: 64): Cannot redeclare sendSASMS() (previously declared in D:\\web\\work experience\\YemenBus\\buss-test2\\app\\helpers.php:3) at D:\\web\\work experience\\YemenBus\\buss-test2\\app\\helpers.php:3)
[stacktrace]
#0 {main}
"} 
[2022-06-26 16:57:34] local.ERROR: Cannot redeclare sendSASMS() (previously declared in D:\web\work experience\YemenBus\buss-test2\app\helpers.php:3) {"exception":"[object] (Symfony\\Component\\Debug\\Exception\\FatalErrorException(code: 64): Cannot redeclare sendSASMS() (previously declared in D:\\web\\work experience\\YemenBus\\buss-test2\\app\\helpers.php:3) at D:\\web\\work experience\\YemenBus\\buss-test2\\app\\helpers.php:3)
[stacktrace]
#0 {main}
"} 
[2022-06-26 16:58:34] local.ERROR: Cannot redeclare sendSASMS() (previously declared in D:\web\work experience\YemenBus\buss-test2\app\helpers.php:3) {"exception":"[object] (Symfony\\Component\\Debug\\Exception\\FatalErrorException(code: 64): Cannot redeclare sendSASMS() (previously declared in D:\\web\\work experience\\YemenBus\\buss-test2\\app\\helpers.php:3) at D:\\web\\work experience\\YemenBus\\buss-test2\\app\\helpers.php:3)
[stacktrace]
#0 {main}
"} 
[2022-06-26 16:59:34] local.ERROR: Cannot redeclare sendSASMS() (previously declared in D:\web\work experience\YemenBus\buss-test2\app\helpers.php:3) {"exception":"[object] (Symfony\\Component\\Debug\\Exception\\FatalErrorException(code: 64): Cannot redeclare sendSASMS() (previously declared in D:\\web\\work experience\\YemenBus\\buss-test2\\app\\helpers.php:3) at D:\\web\\work experience\\YemenBus\\buss-test2\\app\\helpers.php:3)
[stacktrace]
#0 {main}
"} 
[2022-06-26 17:00:34] local.ERROR: Cannot redeclare sendSASMS() (previously declared in D:\web\work experience\YemenBus\buss-test2\app\helpers.php:3) {"exception":"[object] (Symfony\\Component\\Debug\\Exception\\FatalErrorException(code: 64): Cannot redeclare sendSASMS() (previously declared in D:\\web\\work experience\\YemenBus\\buss-test2\\app\\helpers.php:3) at D:\\web\\work experience\\YemenBus\\buss-test2\\app\\helpers.php:3)
[stacktrace]
#0 {main}
"} 
[2022-06-26 17:01:34] local.ERROR: Cannot redeclare sendSASMS() (previously declared in D:\web\work experience\YemenBus\buss-test2\app\helpers.php:3) {"exception":"[object] (Symfony\\Component\\Debug\\Exception\\FatalErrorException(code: 64): Cannot redeclare sendSASMS() (previously declared in D:\\web\\work experience\\YemenBus\\buss-test2\\app\\helpers.php:3) at D:\\web\\work experience\\YemenBus\\buss-test2\\app\\helpers.php:3)
[stacktrace]
#0 {main}
"} 
[2022-06-26 17:02:34] local.ERROR: Cannot redeclare sendSASMS() (previously declared in D:\web\work experience\YemenBus\buss-test2\app\helpers.php:3) {"exception":"[object] (Symfony\\Component\\Debug\\Exception\\FatalErrorException(code: 64): Cannot redeclare sendSASMS() (previously declared in D:\\web\\work experience\\YemenBus\\buss-test2\\app\\helpers.php:3) at D:\\web\\work experience\\YemenBus\\buss-test2\\app\\helpers.php:3)
[stacktrace]
#0 {main}
"} 
[2022-06-26 17:03:34] local.ERROR: Cannot redeclare sendSASMS() (previously declared in D:\web\work experience\YemenBus\buss-test2\app\helpers.php:3) {"exception":"[object] (Symfony\\Component\\Debug\\Exception\\FatalErrorException(code: 64): Cannot redeclare sendSASMS() (previously declared in D:\\web\\work experience\\YemenBus\\buss-test2\\app\\helpers.php:3) at D:\\web\\work experience\\YemenBus\\buss-test2\\app\\helpers.php:3)
[stacktrace]
#0 {main}
"} 
[2022-06-26 17:04:34] local.ERROR: Cannot redeclare sendSASMS() (previously declared in D:\web\work experience\YemenBus\buss-test2\app\helpers.php:3) {"exception":"[object] (Symfony\\Component\\Debug\\Exception\\FatalErrorException(code: 64): Cannot redeclare sendSASMS() (previously declared in D:\\web\\work experience\\YemenBus\\buss-test2\\app\\helpers.php:3) at D:\\web\\work experience\\YemenBus\\buss-test2\\app\\helpers.php:3)
[stacktrace]
#0 {main}
"} 
[2022-06-26 17:05:34] local.ERROR: Cannot redeclare sendSASMS() (previously declared in D:\web\work experience\YemenBus\buss-test2\app\helpers.php:3) {"exception":"[object] (Symfony\\Component\\Debug\\Exception\\FatalErrorException(code: 64): Cannot redeclare sendSASMS() (previously declared in D:\\web\\work experience\\YemenBus\\buss-test2\\app\\helpers.php:3) at D:\\web\\work experience\\YemenBus\\buss-test2\\app\\helpers.php:3)
[stacktrace]
#0 {main}
"} 
[2022-06-26 17:06:34] local.ERROR: Cannot redeclare sendSASMS() (previously declared in D:\web\work experience\YemenBus\buss-test2\app\helpers.php:3) {"exception":"[object] (Symfony\\Component\\Debug\\Exception\\FatalErrorException(code: 64): Cannot redeclare sendSASMS() (previously declared in D:\\web\\work experience\\YemenBus\\buss-test2\\app\\helpers.php:3) at D:\\web\\work experience\\YemenBus\\buss-test2\\app\\helpers.php:3)
[stacktrace]
#0 {main}
"} 
[2022-06-26 17:07:34] local.ERROR: Cannot redeclare sendSASMS() (previously declared in D:\web\work experience\YemenBus\buss-test2\app\helpers.php:3) {"exception":"[object] (Symfony\\Component\\Debug\\Exception\\FatalErrorException(code: 64): Cannot redeclare sendSASMS() (previously declared in D:\\web\\work experience\\YemenBus\\buss-test2\\app\\helpers.php:3) at D:\\web\\work experience\\YemenBus\\buss-test2\\app\\helpers.php:3)
[stacktrace]
#0 {main}
"} 
[2022-06-26 17:08:34] local.ERROR: Cannot redeclare sendSASMS() (previously declared in D:\web\work experience\YemenBus\buss-test2\app\helpers.php:3) {"exception":"[object] (Symfony\\Component\\Debug\\Exception\\FatalErrorException(code: 64): Cannot redeclare sendSASMS() (previously declared in D:\\web\\work experience\\YemenBus\\buss-test2\\app\\helpers.php:3) at D:\\web\\work experience\\YemenBus\\buss-test2\\app\\helpers.php:3)
[stacktrace]
#0 {main}
"} 
[2022-06-26 17:09:34] local.ERROR: Cannot redeclare sendSASMS() (previously declared in D:\web\work experience\YemenBus\buss-test2\app\helpers.php:3) {"exception":"[object] (Symfony\\Component\\Debug\\Exception\\FatalErrorException(code: 64): Cannot redeclare sendSASMS() (previously declared in D:\\web\\work experience\\YemenBus\\buss-test2\\app\\helpers.php:3) at D:\\web\\work experience\\YemenBus\\buss-test2\\app\\helpers.php:3)
[stacktrace]
#0 {main}
"} 
[2022-06-26 17:09:50] local.ERROR: include(D:\web\work experience\YemenBus\buss-test2\vendor\composer/../symfony/http-foundation/AcceptHeader.php): failed to open stream: No such file or directory {"exception":"[object] (ErrorException(code: 0): include(D:\\web\\work experience\\YemenBus\\buss-test2\\vendor\\composer/../symfony/http-foundation/AcceptHeader.php): failed to open stream: No such file or directory at D:\\web\\work experience\\YemenBus\\buss-test2\\vendor\\composer\\ClassLoader.php:478)
[stacktrace]
#0 D:\\web\\work experience\\YemenBus\\buss-test2\\vendor\\composer\\ClassLoader.php(478): Illuminate\\Foundation\\Bootstrap\\HandleExceptions->handleError(2, 'include(D:\\\\web\\\\...', 'D:\\\\web\\\\work exp...', 478, Array)
#1 D:\\web\\work experience\\YemenBus\\buss-test2\\vendor\\composer\\ClassLoader.php(478): include()
#2 D:\\web\\work experience\\YemenBus\\buss-test2\\vendor\\composer\\ClassLoader.php(346): Composer\\Autoload\\includeFile('D:\\\\web\\\\work exp...')
#3 [internal function]: Composer\\Autoload\\ClassLoader->loadClass('Symfony\\\\Compone...')
#4 [internal function]: spl_autoload_call('Symfony\\\\Compone...')
#5 D:\\web\\work experience\\YemenBus\\buss-test2\\vendor\\symfony\\http-foundation\\Request.php(19): class_exists('Symfony\\\\Compone...')
#6 D:\\web\\work experience\\YemenBus\\buss-test2\\vendor\\composer\\ClassLoader.php(478): include('D:\\\\web\\\\work exp...')
#7 D:\\web\\work experience\\YemenBus\\buss-test2\\vendor\\composer\\ClassLoader.php(346): Composer\\Autoload\\includeFile('D:\\\\web\\\\work exp...')
#8 [internal function]: Composer\\Autoload\\ClassLoader->loadClass('Symfony\\\\Compone...')
#9 D:\\web\\work experience\\YemenBus\\buss-test2\\vendor\\laravel\\framework\\src\\Illuminate\\Http\\Request.php(20): spl_autoload_call('Symfony\\\\Compone...')
#10 D:\\web\\work experience\\YemenBus\\buss-test2\\vendor\\composer\\ClassLoader.php(478): include('D:\\\\web\\\\work exp...')
#11 D:\\web\\work experience\\YemenBus\\buss-test2\\vendor\\composer\\ClassLoader.php(346): Composer\\Autoload\\includeFile('D:\\\\web\\\\work exp...')
#12 [internal function]: Composer\\Autoload\\ClassLoader->loadClass('Illuminate\\\\Http...')
#13 D:\\web\\work experience\\YemenBus\\buss-test2\\vendor\\laravel\\framework\\src\\Illuminate\\Foundation\\Bootstrap\\SetRequestForConsole.php(31): spl_autoload_call('Illuminate\\\\Http...')
#14 D:\\web\\work experience\\YemenBus\\buss-test2\\vendor\\laravel\\framework\\src\\Illuminate\\Foundation\\Application.php(219): Illuminate\\Foundation\\Bootstrap\\SetRequestForConsole->bootstrap(Object(Illuminate\\Foundation\\Application))
#15 D:\\web\\work experience\\YemenBus\\buss-test2\\vendor\\laravel\\framework\\src\\Illuminate\\Foundation\\Console\\Kernel.php(320): Illuminate\\Foundation\\Application->bootstrapWith(Array)
#16 D:\\web\\work experience\\YemenBus\\buss-test2\\vendor\\laravel\\framework\\src\\Illuminate\\Foundation\\Console\\Kernel.php(129): Illuminate\\Foundation\\Console\\Kernel->bootstrap()
#17 Command line code(1): Illuminate\\Foundation\\Console\\Kernel->handle(Object(Symfony\\Component\\Console\\Input\\ArgvInput), Object(Symfony\\Component\\Console\\Output\\ConsoleOutput))
#18 {main}
"} 
[2022-06-26 17:09:50] local.ERROR: Uncaught ReflectionException: Class view does not exist in D:\web\work experience\YemenBus\buss-test2\vendor\laravel\framework\src\Illuminate\Container\Container.php:803
Stack trace:
#0 D:\web\work experience\YemenBus\buss-test2\vendor\laravel\framework\src\Illuminate\Container\Container.php(803): ReflectionClass->__construct('view')
#1 D:\web\work experience\YemenBus\buss-test2\vendor\laravel\framework\src\Illuminate\Container\Container.php(681): Illuminate\Container\Container->build('view')
#2 D:\web\work experience\YemenBus\buss-test2\vendor\laravel\framework\src\Illuminate\Foundation\Application.php(785): Illuminate\Container\Container->resolve('view', Array, true)
#3 D:\web\work experience\YemenBus\buss-test2\vendor\laravel\framework\src\Illuminate\Container\Container.php(629): Illuminate\Foundation\Application->resolve('view', Array)
#4 D:\web\work experience\YemenBus\buss-test2\vendor\laravel\framework\src\Illuminate\Foundation\Application.php(770): Illuminate\Container\Container->make('view', Array)
# {"exception":"[object] (Symfony\\Component\\Debug\\Exception\\FatalErrorException(code: 1): Uncaught ReflectionException: Class view does not exist in D:\\web\\work experience\\YemenBus\\buss-test2\\vendor\\laravel\\framework\\src\\Illuminate\\Container\\Container.php:803
Stack trace:
#0 D:\\web\\work experience\\YemenBus\\buss-test2\\vendor\\laravel\\framework\\src\\Illuminate\\Container\\Container.php(803): ReflectionClass->__construct('view')
#1 D:\\web\\work experience\\YemenBus\\buss-test2\\vendor\\laravel\\framework\\src\\Illuminate\\Container\\Container.php(681): Illuminate\\Container\\Container->build('view')
#2 D:\\web\\work experience\\YemenBus\\buss-test2\\vendor\\laravel\\framework\\src\\Illuminate\\Foundation\\Application.php(785): Illuminate\\Container\\Container->resolve('view', Array, true)
#3 D:\\web\\work experience\\YemenBus\\buss-test2\\vendor\\laravel\\framework\\src\\Illuminate\\Container\\Container.php(629): Illuminate\\Foundation\\Application->resolve('view', Array)
#4 D:\\web\\work experience\\YemenBus\\buss-test2\\vendor\\laravel\\framework\\src\\Illuminate\\Foundation\\Application.php(770): Illuminate\\Container\\Container->make('view', Array)
# at D:\\web\\work experience\\YemenBus\\buss-test2\\vendor\\laravel\\framework\\src\\Illuminate\\Container\\Container.php:805)
[stacktrace]
#0 {main}
"} 
[2022-06-26 17:10:34] local.ERROR: Cannot redeclare sendSASMS() (previously declared in D:\web\work experience\YemenBus\buss-test2\app\helpers.php:3) {"exception":"[object] (Symfony\\Component\\Debug\\Exception\\FatalErrorException(code: 64): Cannot redeclare sendSASMS() (previously declared in D:\\web\\work experience\\YemenBus\\buss-test2\\app\\helpers.php:3) at D:\\web\\work experience\\YemenBus\\buss-test2\\app\\helpers.php:3)
[stacktrace]
#0 {main}
"} 
[2022-06-26 17:11:34] local.ERROR: Cannot redeclare sendSASMS() (previously declared in D:\web\work experience\YemenBus\buss-test2\app\helpers.php:3) {"exception":"[object] (Symfony\\Component\\Debug\\Exception\\FatalErrorException(code: 64): Cannot redeclare sendSASMS() (previously declared in D:\\web\\work experience\\YemenBus\\buss-test2\\app\\helpers.php:3) at D:\\web\\work experience\\YemenBus\\buss-test2\\app\\helpers.php:3)
[stacktrace]
#0 {main}
"} 
[2022-06-26 17:12:34] local.ERROR: Cannot redeclare sendSASMS() (previously declared in D:\web\work experience\YemenBus\buss-test2\app\helpers.php:3) {"exception":"[object] (Symfony\\Component\\Debug\\Exception\\FatalErrorException(code: 64): Cannot redeclare sendSASMS() (previously declared in D:\\web\\work experience\\YemenBus\\buss-test2\\app\\helpers.php:3) at D:\\web\\work experience\\YemenBus\\buss-test2\\app\\helpers.php:3)
[stacktrace]
#0 {main}
"} 
